============================================================
LWM v1.1 + Coordinate Attention — Pretraining
============================================================
Log file    : lwm1_1_ca/model1_1_weights_ca_e2e.log
Device      : cuda
Scenarios   : ['O1_3p5_v1', 'O1_3p5_v2', 'Boston5G_3p5', 'asu_campus1']
Num workers : 8 | Pin memory: True
AMP         : disabled
Epochs      : 25
Batch size  : 512
LR          : 0.0001 | Weight decay: 1e-05
Scheduler   : StepLR(step=10, gamma=0.9)
Scheduler per batch: False
Seed        : 0
SNR (dB)    : None
Save path   : lwm1_1_ca/model1_1_weights_ca_e2e.pth
------------------------------------------------------------
Dataset sizes — train: 898605, val: 224651, test: 1
Batches per epoch — train: 1756, val: 439, test: 1
============================================================

Epoch 1/25
----------------------------------------
Learning Rate: 0.000100
Batch Size   : 512
  step    50/1756 | loss 0.9810 | data 4.2 ms | step 55.3 ms | 9258.2 samples/s
  step   100/1756 | loss 0.9203 | data 0.1 ms | step 39.8 ms | 12857.4 samples/s
  step   150/1756 | loss 0.8934 | data 0.1 ms | step 39.8 ms | 12854.8 samples/s
  step   200/1756 | loss 0.8686 | data 0.1 ms | step 39.8 ms | 12851.9 samples/s
  step   250/1756 | loss 0.8522 | data 0.1 ms | step 39.9 ms | 12843.6 samples/s
  step   300/1756 | loss 0.8387 | data 0.1 ms | step 39.9 ms | 12844.0 samples/s
  step   350/1756 | loss 0.8240 | data 0.1 ms | step 39.9 ms | 12834.0 samples/s
  step   400/1756 | loss 0.8095 | data 0.1 ms | step 39.9 ms | 12835.8 samples/s
  step   450/1756 | loss 0.7902 | data 0.1 ms | step 39.9 ms | 12824.7 samples/s
  step   500/1756 | loss 0.7386 | data 0.1 ms | step 39.9 ms | 12817.4 samples/s
  step   550/1756 | loss 0.6393 | data 0.1 ms | step 39.9 ms | 12818.8 samples/s
  step   600/1756 | loss 0.4938 | data 0.1 ms | step 39.9 ms | 12826.8 samples/s
  step   650/1756 | loss 0.3539 | data 0.1 ms | step 39.9 ms | 12827.3 samples/s
  step   700/1756 | loss 0.2576 | data 0.1 ms | step 40.0 ms | 12796.0 samples/s
  step   750/1756 | loss 0.2138 | data 0.1 ms | step 40.0 ms | 12813.2 samples/s
  step   800/1756 | loss 0.1826 | data 0.1 ms | step 39.9 ms | 12818.5 samples/s
  step   850/1756 | loss 0.1558 | data 0.1 ms | step 39.9 ms | 12833.3 samples/s
  step   900/1756 | loss 0.1497 | data 0.1 ms | step 39.9 ms | 12816.8 samples/s
  step   950/1756 | loss 0.1310 | data 0.1 ms | step 39.9 ms | 12821.9 samples/s
  step  1000/1756 | loss 0.1158 | data 0.1 ms | step 39.9 ms | 12818.4 samples/s
  step  1050/1756 | loss 0.1042 | data 0.1 ms | step 40.0 ms | 12809.5 samples/s
  step  1100/1756 | loss 0.0961 | data 0.1 ms | step 39.9 ms | 12816.9 samples/s
  step  1150/1756 | loss 0.0868 | data 0.1 ms | step 40.1 ms | 12754.1 samples/s
  step  1200/1756 | loss 0.0884 | data 0.1 ms | step 40.0 ms | 12801.8 samples/s
  step  1250/1756 | loss 0.0773 | data 0.1 ms | step 40.0 ms | 12814.0 samples/s
  step  1300/1756 | loss 0.0730 | data 0.1 ms | step 40.0 ms | 12808.9 samples/s
  step  1350/1756 | loss 0.0679 | data 0.1 ms | step 40.0 ms | 12806.8 samples/s
  step  1400/1756 | loss 0.0710 | data 0.1 ms | step 40.0 ms | 12808.9 samples/s
  step  1450/1756 | loss 0.0636 | data 0.1 ms | step 40.0 ms | 12800.5 samples/s
  step  1500/1756 | loss 0.0562 | data 0.1 ms | step 40.0 ms | 12812.9 samples/s
  step  1550/1756 | loss 0.0561 | data 0.1 ms | step 40.0 ms | 12811.1 samples/s
  step  1600/1756 | loss 0.0526 | data 0.1 ms | step 40.0 ms | 12799.4 samples/s
  step  1650/1756 | loss 0.0515 | data 0.1 ms | step 40.0 ms | 12804.4 samples/s
  step  1700/1756 | loss 0.0503 | data 0.1 ms | step 40.0 ms | 12806.0 samples/s
  step  1750/1756 | loss 0.0485 | data 0.6 ms | step 40.2 ms | 12743.5 samples/s
Training Loss: 0.349075 | data 0.2 ms | step 40.4 ms | 12668.9 samples/s
Peak GPU memory: 5180.1 MB
Validation Loss: 0.035815 | data 0.5 ms | step 10.9 ms | 47119.3 samples/s

Epoch 2/25
----------------------------------------
Learning Rate: 0.000100
Batch Size   : 512
  step    50/1756 | loss 0.0465 | data 0.7 ms | step 40.1 ms | 12771.7 samples/s
  step   100/1756 | loss 0.0463 | data 0.1 ms | step 40.0 ms | 12796.6 samples/s
  step   150/1756 | loss 0.0484 | data 0.1 ms | step 40.0 ms | 12792.4 samples/s
  step   200/1756 | loss 0.0425 | data 0.1 ms | step 40.0 ms | 12801.2 samples/s
  step   250/1756 | loss 0.0418 | data 0.1 ms | step 40.0 ms | 12799.8 samples/s
  step   300/1756 | loss 0.0416 | data 0.1 ms | step 40.0 ms | 12796.0 samples/s
  step   350/1756 | loss 0.0382 | data 0.1 ms | step 40.0 ms | 12794.3 samples/s
  step   400/1756 | loss 0.0387 | data 0.1 ms | step 40.0 ms | 12788.7 samples/s
  step   450/1756 | loss 0.0432 | data 0.1 ms | step 40.1 ms | 12779.0 samples/s
  step   500/1756 | loss 0.0354 | data 0.1 ms | step 40.1 ms | 12780.8 samples/s
  step   550/1756 | loss 0.0337 | data 0.1 ms | step 40.1 ms | 12777.7 samples/s
  step   600/1756 | loss 0.0343 | data 0.1 ms | step 40.1 ms | 12779.2 samples/s
  step   650/1756 | loss 0.0371 | data 0.1 ms | step 40.1 ms | 12777.6 samples/s
  step   700/1756 | loss 0.0322 | data 0.1 ms | step 40.1 ms | 12779.1 samples/s
  step   750/1756 | loss 0.0336 | data 0.1 ms | step 40.2 ms | 12736.7 samples/s
  step   800/1756 | loss 0.0321 | data 0.1 ms | step 40.1 ms | 12771.3 samples/s
  step   850/1756 | loss 0.0299 | data 0.1 ms | step 40.1 ms | 12776.4 samples/s
  step   900/1756 | loss 0.0284 | data 0.1 ms | step 40.1 ms | 12775.8 samples/s
  step   950/1756 | loss 0.0313 | data 0.1 ms | step 40.1 ms | 12756.4 samples/s
  step  1000/1756 | loss 0.0340 | data 0.1 ms | step 40.1 ms | 12776.0 samples/s
  step  1050/1756 | loss 0.0307 | data 0.1 ms | step 40.1 ms | 12772.3 samples/s
  step  1100/1756 | loss 0.0275 | data 0.1 ms | step 40.1 ms | 12771.3 samples/s
  step  1150/1756 | loss 0.0264 | data 0.1 ms | step 40.1 ms | 12771.4 samples/s
  step  1200/1756 | loss 0.0263 | data 0.1 ms | step 40.1 ms | 12767.6 samples/s
  step  1250/1756 | loss 0.0268 | data 0.1 ms | step 40.2 ms | 12722.7 samples/s
  step  1300/1756 | loss 0.0264 | data 0.1 ms | step 40.0 ms | 12786.1 samples/s
  step  1350/1756 | loss 0.0261 | data 0.1 ms | step 40.0 ms | 12784.1 samples/s
  step  1400/1756 | loss 0.0256 | data 0.1 ms | step 40.0 ms | 12784.7 samples/s
  step  1450/1756 | loss 0.0235 | data 0.1 ms | step 40.0 ms | 12787.2 samples/s
  step  1500/1756 | loss 0.0251 | data 0.1 ms | step 40.1 ms | 12779.5 samples/s
  step  1550/1756 | loss 0.0244 | data 0.1 ms | step 40.1 ms | 12780.7 samples/s
  step  1600/1756 | loss 0.0239 | data 0.1 ms | step 40.1 ms | 12783.9 samples/s
  step  1650/1756 | loss 0.0238 | data 0.1 ms | step 40.1 ms | 12771.6 samples/s
  step  1700/1756 | loss 0.0232 | data 0.1 ms | step 40.1 ms | 12780.4 samples/s
  step  1750/1756 | loss 0.0232 | data 0.6 ms | step 40.1 ms | 12781.9 samples/s
Training Loss: 0.032310 | data 0.1 ms | step 40.1 ms | 12775.9 samples/s
Peak GPU memory: 5178.1 MB
Validation Loss: 0.015162 | data 0.1 ms | step 10.9 ms | 47152.7 samples/s

Epoch 3/25
----------------------------------------
Learning Rate: 0.000100
Batch Size   : 512
  step    50/1756 | loss 0.0295 | data 0.6 ms | step 40.1 ms | 12756.7 samples/s
  step   100/1756 | loss 0.0272 | data 0.1 ms | step 40.1 ms | 12760.8 samples/s
  step   150/1756 | loss 0.0290 | data 0.1 ms | step 40.1 ms | 12764.9 samples/s
  step   200/1756 | loss 0.0222 | data 0.1 ms | step 40.1 ms | 12768.6 samples/s
  step   250/1756 | loss 0.0233 | data 0.1 ms | step 40.1 ms | 12770.5 samples/s
  step   300/1756 | loss 0.0216 | data 0.1 ms | step 40.1 ms | 12775.0 samples/s
  step   350/1756 | loss 0.0227 | data 0.1 ms | step 40.1 ms | 12775.7 samples/s
  step   400/1756 | loss 0.0211 | data 0.1 ms | step 40.1 ms | 12783.0 samples/s
  step   450/1756 | loss 0.0209 | data 0.1 ms | step 40.1 ms | 12778.7 samples/s
  step   500/1756 | loss 0.0226 | data 0.1 ms | step 40.1 ms | 12769.1 samples/s
  step   550/1756 | loss 0.0204 | data 0.1 ms | step 40.1 ms | 12757.2 samples/s
  step   600/1756 | loss 0.0198 | data 0.1 ms | step 40.1 ms | 12767.6 samples/s
  step   650/1756 | loss 0.0184 | data 0.1 ms | step 40.1 ms | 12765.0 samples/s
  step   700/1756 | loss 0.0189 | data 0.1 ms | step 40.3 ms | 12709.9 samples/s
  step   750/1756 | loss 0.0194 | data 0.1 ms | step 40.1 ms | 12774.5 samples/s
  step   800/1756 | loss 0.0186 | data 0.1 ms | step 40.1 ms | 12776.6 samples/s
  step   850/1756 | loss 0.0183 | data 0.1 ms | step 40.1 ms | 12777.8 samples/s
  step   900/1756 | loss 0.0187 | data 0.1 ms | step 40.1 ms | 12777.6 samples/s
  step   950/1756 | loss 0.0181 | data 0.1 ms | step 40.1 ms | 12777.3 samples/s
  step  1000/1756 | loss 0.0177 | data 0.1 ms | step 40.1 ms | 12772.4 samples/s
  step  1050/1756 | loss 0.0179 | data 0.1 ms | step 40.1 ms | 12778.3 samples/s
  step  1100/1756 | loss 0.0190 | data 0.1 ms | step 40.1 ms | 12781.8 samples/s
  step  1150/1756 | loss 0.0242 | data 0.1 ms | step 40.1 ms | 12782.3 samples/s
  step  1200/1756 | loss 0.0188 | data 0.1 ms | step 40.1 ms | 12782.9 samples/s
  step  1250/1756 | loss 0.0176 | data 0.1 ms | step 40.1 ms | 12781.6 samples/s
  step  1300/1756 | loss 0.0185 | data 0.1 ms | step 40.1 ms | 12764.6 samples/s
  step  1350/1756 | loss 0.0169 | data 0.1 ms | step 40.1 ms | 12764.9 samples/s
  step  1400/1756 | loss 0.0170 | data 0.1 ms | step 40.1 ms | 12762.9 samples/s
  step  1450/1756 | loss 0.0169 | data 0.1 ms | step 40.1 ms | 12761.6 samples/s
  step  1500/1756 | loss 0.0169 | data 0.1 ms | step 40.1 ms | 12764.9 samples/s
  step  1550/1756 | loss 0.0161 | data 0.1 ms | step 40.1 ms | 12768.5 samples/s
  step  1600/1756 | loss 0.0166 | data 0.1 ms | step 40.1 ms | 12769.0 samples/s
  step  1650/1756 | loss 0.0171 | data 0.1 ms | step 40.1 ms | 12771.3 samples/s
  step  1700/1756 | loss 0.0177 | data 0.1 ms | step 40.1 ms | 12772.1 samples/s
  step  1750/1756 | loss 0.0153 | data 0.5 ms | step 40.1 ms | 12767.4 samples/s
Training Loss: 0.019836 | data 0.1 ms | step 40.1 ms | 12767.5 samples/s
Peak GPU memory: 5178.0 MB
Validation Loss: 0.007598 | data 0.2 ms | step 10.9 ms | 47092.8 samples/s

Epoch 4/25
----------------------------------------
Learning Rate: 0.000100
Batch Size   : 512
  step    50/1756 | loss 0.0152 | data 0.7 ms | step 40.1 ms | 12760.0 samples/s
  step   100/1756 | loss 0.0153 | data 0.1 ms | step 40.1 ms | 12765.0 samples/s
  step   150/1756 | loss 0.0153 | data 0.1 ms | step 40.1 ms | 12759.0 samples/s
  step   200/1756 | loss 0.0150 | data 0.1 ms | step 40.3 ms | 12714.6 samples/s
  step   250/1756 | loss 0.0147 | data 0.1 ms | step 40.2 ms | 12747.1 samples/s
  step   300/1756 | loss 0.0151 | data 0.1 ms | step 40.1 ms | 12775.6 samples/s
  step   350/1756 | loss 0.0144 | data 0.1 ms | step 40.1 ms | 12773.6 samples/s
  step   400/1756 | loss 0.0144 | data 0.1 ms | step 40.1 ms | 12769.6 samples/s
  step   450/1756 | loss 0.0150 | data 0.1 ms | step 40.1 ms | 12771.0 samples/s
  step   500/1756 | loss 0.0145 | data 0.1 ms | step 40.1 ms | 12763.1 samples/s
  step   550/1756 | loss 0.0150 | data 0.1 ms | step 40.1 ms | 12775.3 samples/s
  step   600/1756 | loss 0.0145 | data 0.1 ms | step 40.1 ms | 12775.0 samples/s
  step   650/1756 | loss 0.0143 | data 0.1 ms | step 40.1 ms | 12777.0 samples/s
  step   700/1756 | loss 0.0145 | data 0.1 ms | step 40.1 ms | 12773.9 samples/s
  step   750/1756 | loss 0.0148 | data 0.1 ms | step 40.1 ms | 12772.9 samples/s
  step   800/1756 | loss 0.0150 | data 0.1 ms | step 40.2 ms | 12745.2 samples/s
  step   850/1756 | loss 0.0139 | data 0.1 ms | step 40.3 ms | 12716.4 samples/s
  step   900/1756 | loss 0.0138 | data 0.1 ms | step 40.1 ms | 12757.5 samples/s
  step   950/1756 | loss 0.0136 | data 0.1 ms | step 40.2 ms | 12749.0 samples/s
  step  1000/1756 | loss 0.0137 | data 0.1 ms | step 40.2 ms | 12742.2 samples/s
  step  1050/1756 | loss 0.0134 | data 0.1 ms | step 40.1 ms | 12762.8 samples/s
  step  1100/1756 | loss 0.0135 | data 0.1 ms | step 40.1 ms | 12762.0 samples/s
  step  1150/1756 | loss 0.0131 | data 0.1 ms | step 40.1 ms | 12761.7 samples/s
  step  1200/1756 | loss 0.0160 | data 0.1 ms | step 40.1 ms | 12764.9 samples/s
  step  1250/1756 | loss 0.0152 | data 0.1 ms | step 40.1 ms | 12762.1 samples/s
  step  1300/1756 | loss 0.0133 | data 0.1 ms | step 40.1 ms | 12761.7 samples/s
  step  1350/1756 | loss 0.0131 | data 0.1 ms | step 40.1 ms | 12765.9 samples/s
  step  1400/1756 | loss 0.0135 | data 0.1 ms | step 40.1 ms | 12765.9 samples/s
  step  1450/1756 | loss 0.0129 | data 0.1 ms | step 40.1 ms | 12760.4 samples/s
  step  1500/1756 | loss 0.0126 | data 0.1 ms | step 40.1 ms | 12764.5 samples/s
  step  1550/1756 | loss 0.0126 | data 0.1 ms | step 40.1 ms | 12761.7 samples/s
  step  1600/1756 | loss 0.0133 | data 0.1 ms | step 40.2 ms | 12748.6 samples/s
  step  1650/1756 | loss 0.0122 | data 0.1 ms | step 40.3 ms | 12702.4 samples/s
  step  1700/1756 | loss 0.0120 | data 0.1 ms | step 40.0 ms | 12791.7 samples/s
  step  1750/1756 | loss 0.0126 | data 0.6 ms | step 40.0 ms | 12785.2 samples/s
Training Loss: 0.014023 | data 0.1 ms | step 40.1 ms | 12757.2 samples/s
Peak GPU memory: 5178.0 MB
Validation Loss: 0.006090 | data 0.1 ms | step 10.8 ms | 47226.3 samples/s

Epoch 5/25
----------------------------------------
Learning Rate: 0.000100
Batch Size   : 512
  step    50/1756 | loss 0.0124 | data 0.6 ms | step 40.1 ms | 12772.3 samples/s
  step   100/1756 | loss 0.0123 | data 0.1 ms | step 40.1 ms | 12784.0 samples/s
  step   150/1756 | loss 0.0120 | data 0.1 ms | step 40.0 ms | 12785.9 samples/s
  step   200/1756 | loss 0.0130 | data 0.1 ms | step 40.0 ms | 12785.7 samples/s
  step   250/1756 | loss 0.0121 | data 0.1 ms | step 40.0 ms | 12790.7 samples/s
  step   300/1756 | loss 0.0124 | data 0.1 ms | step 40.0 ms | 12787.0 samples/s
  step   350/1756 | loss 0.0130 | data 0.1 ms | step 40.2 ms | 12734.1 samples/s
  step   400/1756 | loss 0.0118 | data 0.1 ms | step 40.0 ms | 12785.8 samples/s
  step   450/1756 | loss 0.0160 | data 0.1 ms | step 40.1 ms | 12782.6 samples/s
  step   500/1756 | loss 0.0146 | data 0.1 ms | step 40.1 ms | 12781.2 samples/s
  step   550/1756 | loss 0.0118 | data 0.1 ms | step 40.1 ms | 12779.8 samples/s
  step   600/1756 | loss 0.0122 | data 0.1 ms | step 40.1 ms | 12780.1 samples/s
  step   650/1756 | loss 0.0144 | data 0.1 ms | step 40.1 ms | 12780.0 samples/s
  step   700/1756 | loss 0.0132 | data 0.1 ms | step 40.1 ms | 12783.0 samples/s
  step   750/1756 | loss 0.0115 | data 0.1 ms | step 40.1 ms | 12775.9 samples/s
  step   800/1756 | loss 0.0114 | data 0.1 ms | step 40.1 ms | 12781.4 samples/s
  step   850/1756 | loss 0.0113 | data 0.1 ms | step 40.1 ms | 12779.3 samples/s
  step   900/1756 | loss 0.0109 | data 0.1 ms | step 40.2 ms | 12731.9 samples/s
  step   950/1756 | loss 0.0112 | data 0.1 ms | step 40.2 ms | 12738.2 samples/s
  step  1000/1756 | loss 0.0116 | data 0.1 ms | step 40.1 ms | 12759.7 samples/s
  step  1050/1756 | loss 0.0111 | data 0.1 ms | step 40.2 ms | 12750.1 samples/s
  step  1100/1756 | loss 0.0109 | data 0.1 ms | step 40.1 ms | 12753.6 samples/s
  step  1150/1756 | loss 0.0108 | data 0.1 ms | step 40.1 ms | 12763.1 samples/s
  step  1200/1756 | loss 0.0106 | data 0.1 ms | step 40.1 ms | 12764.6 samples/s
  step  1250/1756 | loss 0.0110 | data 0.1 ms | step 40.1 ms | 12752.2 samples/s
  step  1300/1756 | loss 0.0106 | data 0.1 ms | step 40.1 ms | 12765.4 samples/s
  step  1350/1756 | loss 0.0107 | data 0.1 ms | step 40.1 ms | 12766.2 samples/s
  step  1400/1756 | loss 0.0105 | data 0.1 ms | step 40.1 ms | 12764.0 samples/s
  step  1450/1756 | loss 0.0108 | data 0.1 ms | step 40.1 ms | 12770.9 samples/s
  step  1500/1756 | loss 0.0108 | data 0.1 ms | step 40.1 ms | 12762.7 samples/s
  step  1550/1756 | loss 0.0102 | data 0.1 ms | step 40.1 ms | 12756.2 samples/s
  step  1600/1756 | loss 0.0102 | data 0.1 ms | step 40.1 ms | 12755.6 samples/s
  step  1650/1756 | loss 0.0105 | data 0.1 ms | step 40.1 ms | 12760.2 samples/s
  step  1700/1756 | loss 0.0101 | data 0.1 ms | step 40.1 ms | 12761.4 samples/s
  step  1750/1756 | loss 0.0103 | data 0.6 ms | step 40.2 ms | 12727.1 samples/s
Training Loss: 0.011656 | data 0.1 ms | step 40.1 ms | 12764.1 samples/s
Peak GPU memory: 5178.0 MB
Validation Loss: 0.005088 | data 0.1 ms | step 10.8 ms | 47272.2 samples/s

Epoch 6/25
----------------------------------------
Learning Rate: 0.000100
Batch Size   : 512
  step    50/1756 | loss 0.0106 | data 0.6 ms | step 40.1 ms | 12779.3 samples/s
  step   100/1756 | loss 0.0098 | data 0.1 ms | step 40.1 ms | 12783.1 samples/s
  step   150/1756 | loss 0.0101 | data 0.1 ms | step 40.1 ms | 12780.7 samples/s
  step   200/1756 | loss 0.0101 | data 0.1 ms | step 40.0 ms | 12789.6 samples/s
  step   250/1756 | loss 0.0101 | data 0.1 ms | step 40.0 ms | 12791.2 samples/s
  step   300/1756 | loss 0.0097 | data 0.1 ms | step 40.0 ms | 12784.3 samples/s
  step   350/1756 | loss 0.0098 | data 0.1 ms | step 40.1 ms | 12782.7 samples/s
  step   400/1756 | loss 0.0099 | data 0.1 ms | step 40.1 ms | 12767.9 samples/s
  step   450/1756 | loss 0.0098 | data 0.1 ms | step 40.2 ms | 12732.9 samples/s
  step   500/1756 | loss 0.0103 | data 0.1 ms | step 40.2 ms | 12737.2 samples/s
  step   550/1756 | loss 0.0095 | data 0.1 ms | step 40.1 ms | 12761.7 samples/s
  step   600/1756 | loss 0.0102 | data 0.1 ms | step 40.1 ms | 12768.5 samples/s
  step   650/1756 | loss 0.0100 | data 0.1 ms | step 40.1 ms | 12761.7 samples/s
  step   700/1756 | loss 0.0096 | data 0.1 ms | step 40.1 ms | 12755.2 samples/s
  step   750/1756 | loss 0.0097 | data 0.1 ms | step 40.1 ms | 12752.8 samples/s
  step   800/1756 | loss 0.0097 | data 0.1 ms | step 40.1 ms | 12754.0 samples/s
  step   850/1756 | loss 0.0094 | data 0.1 ms | step 40.1 ms | 12755.9 samples/s
  step   900/1756 | loss 0.0095 | data 0.1 ms | step 40.1 ms | 12757.6 samples/s
  step   950/1756 | loss 0.0096 | data 0.1 ms | step 40.1 ms | 12761.2 samples/s
  step  1000/1756 | loss 0.0092 | data 0.1 ms | step 40.1 ms | 12765.7 samples/s
  step  1050/1756 | loss 0.0095 | data 0.1 ms | step 40.1 ms | 12762.4 samples/s
  step  1100/1756 | loss 0.0094 | data 0.1 ms | step 40.2 ms | 12750.6 samples/s
  step  1150/1756 | loss 0.0093 | data 0.1 ms | step 40.2 ms | 12751.2 samples/s
  step  1200/1756 | loss 0.0090 | data 0.1 ms | step 40.1 ms | 12756.2 samples/s
  step  1250/1756 | loss 0.0096 | data 0.1 ms | step 40.1 ms | 12755.7 samples/s
  step  1300/1756 | loss 0.0094 | data 0.1 ms | step 40.3 ms | 12708.1 samples/s
  step  1350/1756 | loss 0.0091 | data 0.1 ms | step 40.1 ms | 12771.6 samples/s
  step  1400/1756 | loss 0.0092 | data 0.1 ms | step 40.1 ms | 12769.6 samples/s
  step  1450/1756 | loss 0.0090 | data 0.1 ms | step 40.1 ms | 12769.7 samples/s
  step  1500/1756 | loss 0.0098 | data 0.1 ms | step 40.1 ms | 12778.6 samples/s
  step  1550/1756 | loss 0.0090 | data 0.1 ms | step 40.1 ms | 12778.6 samples/s
  step  1600/1756 | loss 0.0090 | data 0.1 ms | step 40.1 ms | 12776.2 samples/s
  step  1650/1756 | loss 0.0128 | data 0.1 ms | step 40.1 ms | 12773.9 samples/s
  step  1700/1756 | loss 0.0104 | data 0.1 ms | step 40.1 ms | 12774.8 samples/s
  step  1750/1756 | loss 0.0093 | data 0.6 ms | step 40.1 ms | 12771.0 samples/s
Training Loss: 0.009725 | data 0.1 ms | step 40.1 ms | 12762.9 samples/s
Peak GPU memory: 5178.0 MB
Validation Loss: 0.004553 | data 0.1 ms | step 10.8 ms | 47276.4 samples/s

Epoch 7/25
----------------------------------------
Learning Rate: 0.000100
Batch Size   : 512
  step    50/1756 | loss 0.0090 | data 0.7 ms | step 40.1 ms | 12761.5 samples/s
  step   100/1756 | loss 0.0092 | data 0.1 ms | step 40.3 ms | 12689.0 samples/s
  step   150/1756 | loss 0.0088 | data 0.1 ms | step 40.1 ms | 12762.9 samples/s
  step   200/1756 | loss 0.0091 | data 0.1 ms | step 40.1 ms | 12759.7 samples/s
  step   250/1756 | loss 0.0090 | data 0.1 ms | step 40.1 ms | 12757.8 samples/s
  step   300/1756 | loss 0.0085 | data 0.1 ms | step 40.1 ms | 12758.6 samples/s
  step   350/1756 | loss 0.0085 | data 0.1 ms | step 40.1 ms | 12766.7 samples/s
  step   400/1756 | loss 0.0084 | data 0.1 ms | step 40.1 ms | 12759.1 samples/s
  step   450/1756 | loss 0.0085 | data 0.1 ms | step 40.1 ms | 12767.4 samples/s
  step   500/1756 | loss 0.0085 | data 0.1 ms | step 40.2 ms | 12746.8 samples/s
  step   550/1756 | loss 0.0085 | data 0.1 ms | step 40.1 ms | 12762.7 samples/s
  step   600/1756 | loss 0.0085 | data 0.1 ms | step 40.1 ms | 12765.3 samples/s
  step   650/1756 | loss 0.0083 | data 0.1 ms | step 40.1 ms | 12756.4 samples/s
  step   700/1756 | loss 0.0082 | data 0.1 ms | step 40.1 ms | 12758.6 samples/s
  step   750/1756 | loss 0.0087 | data 0.1 ms | step 40.1 ms | 12753.0 samples/s
  step   800/1756 | loss 0.0082 | data 0.1 ms | step 40.1 ms | 12762.7 samples/s
  step   850/1756 | loss 0.0083 | data 0.1 ms | step 40.1 ms | 12761.7 samples/s
  step   900/1756 | loss 0.0082 | data 0.1 ms | step 40.1 ms | 12766.2 samples/s
  step   950/1756 | loss 0.0102 | data 0.1 ms | step 40.4 ms | 12661.5 samples/s
  step  1000/1756 | loss 0.0094 | data 0.1 ms | step 40.1 ms | 12778.1 samples/s
  step  1050/1756 | loss 0.0086 | data 0.1 ms | step 40.1 ms | 12781.2 samples/s
  step  1100/1756 | loss 0.0085 | data 0.1 ms | step 40.0 ms | 12786.1 samples/s
  step  1150/1756 | loss 0.0083 | data 0.1 ms | step 40.1 ms | 12782.9 samples/s
  step  1200/1756 | loss 0.0093 | data 0.1 ms | step 40.1 ms | 12773.7 samples/s
  step  1250/1756 | loss 0.0085 | data 0.1 ms | step 40.1 ms | 12773.3 samples/s
  step  1300/1756 | loss 0.0083 | data 0.1 ms | step 40.1 ms | 12776.5 samples/s
  step  1350/1756 | loss 0.0079 | data 0.1 ms | step 40.1 ms | 12779.8 samples/s
  step  1400/1756 | loss 0.0083 | data 0.1 ms | step 40.1 ms | 12778.2 samples/s
  step  1450/1756 | loss 0.0082 | data 0.1 ms | step 40.1 ms | 12778.9 samples/s
  step  1500/1756 | loss 0.0079 | data 0.1 ms | step 40.0 ms | 12785.9 samples/s
  step  1550/1756 | loss 0.0082 | data 0.1 ms | step 40.1 ms | 12771.6 samples/s
  step  1600/1756 | loss 0.0082 | data 0.1 ms | step 40.1 ms | 12758.6 samples/s
  step  1650/1756 | loss 0.0078 | data 0.1 ms | step 40.1 ms | 12770.7 samples/s
  step  1700/1756 | loss 0.0080 | data 0.1 ms | step 40.1 ms | 12767.1 samples/s
  step  1750/1756 | loss 0.0078 | data 0.6 ms | step 40.1 ms | 12770.5 samples/s
Training Loss: 0.008514 | data 0.1 ms | step 40.1 ms | 12760.7 samples/s
Peak GPU memory: 5178.0 MB
Validation Loss: 0.004038 | data 0.1 ms | step 10.8 ms | 47183.6 samples/s

Epoch 8/25
----------------------------------------
Learning Rate: 0.000100
Batch Size   : 512
  step    50/1756 | loss 0.0079 | data 0.7 ms | step 40.1 ms | 12758.2 samples/s
  step   100/1756 | loss 0.0076 | data 0.1 ms | step 40.1 ms | 12757.0 samples/s
  step   150/1756 | loss 0.0081 | data 0.1 ms | step 40.1 ms | 12763.7 samples/s
  step   200/1756 | loss 0.0081 | data 0.1 ms | step 40.1 ms | 12765.2 samples/s
  step   250/1756 | loss 0.0077 | data 0.1 ms | step 40.1 ms | 12762.4 samples/s
  step   300/1756 | loss 0.0077 | data 0.1 ms | step 40.1 ms | 12760.4 samples/s
  step   350/1756 | loss 0.0075 | data 0.1 ms | step 40.1 ms | 12759.5 samples/s
  step   400/1756 | loss 0.0076 | data 0.1 ms | step 40.1 ms | 12760.7 samples/s
  step   450/1756 | loss 0.0077 | data 0.1 ms | step 40.1 ms | 12761.5 samples/s
  step   500/1756 | loss 0.0078 | data 0.1 ms | step 40.2 ms | 12736.1 samples/s
  step   550/1756 | loss 0.0076 | data 0.1 ms | step 40.5 ms | 12644.2 samples/s
  step   600/1756 | loss 0.0074 | data 0.1 ms | step 40.1 ms | 12754.0 samples/s
  step   650/1756 | loss 0.0077 | data 0.1 ms | step 40.1 ms | 12753.9 samples/s
  step   700/1756 | loss 0.0074 | data 0.1 ms | step 40.1 ms | 12771.3 samples/s
  step   750/1756 | loss 0.0076 | data 0.1 ms | step 40.1 ms | 12770.2 samples/s
  step   800/1756 | loss 0.0074 | data 0.1 ms | step 40.1 ms | 12761.1 samples/s
  step   850/1756 | loss 0.0077 | data 0.1 ms | step 40.1 ms | 12762.8 samples/s
  step   900/1756 | loss 0.0076 | data 0.1 ms | step 40.1 ms | 12768.6 samples/s
  step   950/1756 | loss 0.0074 | data 0.1 ms | step 40.1 ms | 12766.3 samples/s
  step  1000/1756 | loss 0.0073 | data 0.1 ms | step 40.1 ms | 12763.9 samples/s
  step  1050/1756 | loss 0.0076 | data 0.1 ms | step 40.1 ms | 12766.8 samples/s
  step  1100/1756 | loss 0.0075 | data 0.1 ms | step 40.1 ms | 12766.8 samples/s
  step  1150/1756 | loss 0.0080 | data 0.1 ms | step 40.3 ms | 12710.3 samples/s
  step  1200/1756 | loss 0.0076 | data 0.1 ms | step 40.1 ms | 12780.8 samples/s
  step  1250/1756 | loss 0.0072 | data 0.1 ms | step 40.1 ms | 12780.3 samples/s
  step  1300/1756 | loss 0.0078 | data 0.1 ms | step 40.1 ms | 12778.3 samples/s
  step  1350/1756 | loss 0.0076 | data 0.1 ms | step 40.1 ms | 12779.8 samples/s
  step  1400/1756 | loss 0.0074 | data 0.1 ms | step 40.1 ms | 12774.0 samples/s
  step  1450/1756 | loss 0.0080 | data 0.1 ms | step 40.1 ms | 12780.3 samples/s
  step  1500/1756 | loss 0.0075 | data 0.1 ms | step 40.1 ms | 12782.1 samples/s
  step  1550/1756 | loss 0.0072 | data 0.1 ms | step 40.1 ms | 12781.2 samples/s
  step  1600/1756 | loss 0.0074 | data 0.1 ms | step 40.1 ms | 12775.1 samples/s
  step  1650/1756 | loss 0.0071 | data 0.1 ms | step 40.1 ms | 12779.9 samples/s
  step  1700/1756 | loss 0.0072 | data 0.1 ms | step 40.3 ms | 12704.0 samples/s
  step  1750/1756 | loss 0.0074 | data 0.6 ms | step 40.2 ms | 12731.9 samples/s
Training Loss: 0.007576 | data 0.1 ms | step 40.1 ms | 12757.1 samples/s
Peak GPU memory: 5178.0 MB
Validation Loss: 0.004030 | data 0.1 ms | step 10.9 ms | 47147.7 samples/s

Epoch 9/25
----------------------------------------
Learning Rate: 0.000100
Batch Size   : 512
  step    50/1756 | loss 0.0069 | data 0.7 ms | step 40.2 ms | 12747.4 samples/s
  step   100/1756 | loss 0.0070 | data 0.1 ms | step 40.2 ms | 12749.1 samples/s
  step   150/1756 | loss 0.0071 | data 0.1 ms | step 40.2 ms | 12743.6 samples/s
  step   200/1756 | loss 0.0071 | data 0.1 ms | step 40.2 ms | 12722.7 samples/s
  step   250/1756 | loss 0.0072 | data 0.1 ms | step 40.1 ms | 12759.6 samples/s
  step   300/1756 | loss 0.0071 | data 0.1 ms | step 40.1 ms | 12755.7 samples/s
  step   350/1756 | loss 0.0070 | data 0.1 ms | step 40.1 ms | 12757.4 samples/s
  step   400/1756 | loss 0.0069 | data 0.1 ms | step 40.2 ms | 12751.8 samples/s
  step   450/1756 | loss 0.0068 | data 0.1 ms | step 40.2 ms | 12751.5 samples/s
  step   500/1756 | loss 0.0070 | data 0.1 ms | step 40.2 ms | 12749.7 samples/s
  step   550/1756 | loss 0.0071 | data 0.1 ms | step 40.1 ms | 12758.0 samples/s
  step   600/1756 | loss 0.0068 | data 0.1 ms | step 40.2 ms | 12752.1 samples/s
  step   650/1756 | loss 0.0067 | data 0.1 ms | step 40.2 ms | 12737.5 samples/s
  step   700/1756 | loss 0.0069 | data 0.1 ms | step 40.2 ms | 12734.6 samples/s
  step   750/1756 | loss 0.0069 | data 0.1 ms | step 40.1 ms | 12775.4 samples/s
  step   800/1756 | loss 0.0069 | data 0.1 ms | step 40.1 ms | 12783.4 samples/s
  step   850/1756 | loss 0.0068 | data 0.1 ms | step 40.1 ms | 12781.8 samples/s
  step   900/1756 | loss 0.0067 | data 0.1 ms | step 40.1 ms | 12777.0 samples/s
  step   950/1756 | loss 0.0067 | data 0.1 ms | step 40.1 ms | 12774.1 samples/s
  step  1000/1756 | loss 0.0067 | data 0.1 ms | step 40.1 ms | 12774.3 samples/s
  step  1050/1756 | loss 0.0068 | data 0.1 ms | step 40.1 ms | 12774.2 samples/s
  step  1100/1756 | loss 0.0066 | data 0.1 ms | step 40.1 ms | 12780.6 samples/s
  step  1150/1756 | loss 0.0069 | data 0.1 ms | step 40.1 ms | 12778.3 samples/s
  step  1200/1756 | loss 0.0068 | data 0.1 ms | step 40.2 ms | 12751.9 samples/s
  step  1250/1756 | loss 0.0068 | data 0.1 ms | step 40.3 ms | 12704.7 samples/s
  step  1300/1756 | loss 0.0067 | data 0.1 ms | step 40.2 ms | 12751.6 samples/s
  step  1350/1756 | loss 0.0124 | data 0.1 ms | step 40.1 ms | 12755.2 samples/s
  step  1400/1756 | loss 0.0083 | data 0.1 ms | step 40.1 ms | 12762.8 samples/s
  step  1450/1756 | loss 0.0070 | data 0.1 ms | step 40.1 ms | 12757.3 samples/s
  step  1500/1756 | loss 0.0072 | data 0.1 ms | step 40.1 ms | 12758.4 samples/s
  step  1550/1756 | loss 0.0068 | data 0.1 ms | step 40.1 ms | 12756.4 samples/s
  step  1600/1756 | loss 0.0066 | data 0.1 ms | step 40.1 ms | 12760.0 samples/s
  step  1650/1756 | loss 0.0067 | data 0.1 ms | step 40.1 ms | 12752.3 samples/s
  step  1700/1756 | loss 0.0067 | data 0.1 ms | step 40.1 ms | 12755.9 samples/s
  step  1750/1756 | loss 0.0067 | data 0.6 ms | step 40.1 ms | 12754.3 samples/s
Training Loss: 0.007065 | data 0.1 ms | step 40.1 ms | 12754.9 samples/s
Peak GPU memory: 5178.0 MB
Validation Loss: 0.003321 | data 0.1 ms | step 10.9 ms | 47155.5 samples/s

Epoch 10/25
----------------------------------------
Learning Rate: 0.000100
Batch Size   : 512
  step    50/1756 | loss 0.0065 | data 0.7 ms | step 40.2 ms | 12752.0 samples/s
  step   100/1756 | loss 0.0067 | data 0.1 ms | step 40.1 ms | 12755.5 samples/s
  step   150/1756 | loss 0.0065 | data 0.1 ms | step 40.1 ms | 12763.3 samples/s
  step   200/1756 | loss 0.0066 | data 0.1 ms | step 40.1 ms | 12759.5 samples/s
  step   250/1756 | loss 0.0062 | data 0.1 ms | step 40.2 ms | 12722.0 samples/s
  step   300/1756 | loss 0.0064 | data 0.1 ms | step 40.0 ms | 12787.7 samples/s
  step   350/1756 | loss 0.0064 | data 0.1 ms | step 40.0 ms | 12787.6 samples/s
  step   400/1756 | loss 0.0065 | data 0.1 ms | step 40.0 ms | 12787.1 samples/s
  step   450/1756 | loss 0.0063 | data 0.1 ms | step 40.0 ms | 12784.5 samples/s
  step   500/1756 | loss 0.0062 | data 0.1 ms | step 40.1 ms | 12778.8 samples/s
  step   550/1756 | loss 0.0066 | data 0.1 ms | step 40.0 ms | 12784.4 samples/s
  step   600/1756 | loss 0.0064 | data 0.1 ms | step 40.1 ms | 12779.9 samples/s
  step   650/1756 | loss 0.0064 | data 0.1 ms | step 40.0 ms | 12786.3 samples/s
  step   700/1756 | loss 0.0064 | data 0.1 ms | step 40.0 ms | 12784.8 samples/s
  step   750/1756 | loss 0.0063 | data 0.1 ms | step 40.0 ms | 12789.2 samples/s
  step   800/1756 | loss 0.0066 | data 0.1 ms | step 40.2 ms | 12722.9 samples/s
  step   850/1756 | loss 0.0062 | data 0.1 ms | step 40.2 ms | 12736.7 samples/s
  step   900/1756 | loss 0.0064 | data 0.1 ms | step 40.1 ms | 12772.9 samples/s
  step   950/1756 | loss 0.0062 | data 0.1 ms | step 40.1 ms | 12764.3 samples/s
  step  1000/1756 | loss 0.0064 | data 0.1 ms | step 40.1 ms | 12762.1 samples/s
  step  1050/1756 | loss 0.0064 | data 0.1 ms | step 40.1 ms | 12756.5 samples/s
  step  1100/1756 | loss 0.0062 | data 0.1 ms | step 40.1 ms | 12755.3 samples/s
  step  1150/1756 | loss 0.0062 | data 0.1 ms | step 40.1 ms | 12756.5 samples/s
  step  1200/1756 | loss 0.0061 | data 0.1 ms | step 40.1 ms | 12755.8 samples/s
  step  1250/1756 | loss 0.0063 | data 0.1 ms | step 40.1 ms | 12752.8 samples/s
  step  1300/1756 | loss 0.0062 | data 0.1 ms | step 40.1 ms | 12754.7 samples/s
  step  1350/1756 | loss 0.0061 | data 0.1 ms | step 40.1 ms | 12755.0 samples/s
  step  1400/1756 | loss 0.0061 | data 0.1 ms | step 40.1 ms | 12758.6 samples/s
  step  1450/1756 | loss 0.0061 | data 0.1 ms | step 40.1 ms | 12762.5 samples/s
  step  1500/1756 | loss 0.0061 | data 0.1 ms | step 40.1 ms | 12761.7 samples/s
  step  1550/1756 | loss 0.0060 | data 0.1 ms | step 40.1 ms | 12755.0 samples/s
  step  1600/1756 | loss 0.0062 | data 0.1 ms | step 40.2 ms | 12751.2 samples/s
  step  1650/1756 | loss 0.0058 | data 0.1 ms | step 40.1 ms | 12756.1 samples/s
  step  1700/1756 | loss 0.0060 | data 0.1 ms | step 40.4 ms | 12678.7 samples/s
  step  1750/1756 | loss 0.0060 | data 0.5 ms | step 40.2 ms | 12739.2 samples/s
Training Loss: 0.006280 | data 0.1 ms | step 40.1 ms | 12758.4 samples/s
Peak GPU memory: 5178.0 MB
Validation Loss: 0.003376 | data 0.1 ms | step 10.8 ms | 47284.1 samples/s

Epoch 11/25
----------------------------------------
Learning Rate: 0.000090
Batch Size   : 512
  step    50/1756 | loss 0.0062 | data 0.7 ms | step 40.1 ms | 12775.9 samples/s
  step   100/1756 | loss 0.0060 | data 0.1 ms | step 40.1 ms | 12770.6 samples/s
  step   150/1756 | loss 0.0061 | data 0.1 ms | step 40.0 ms | 12788.5 samples/s
  step   200/1756 | loss 0.0059 | data 0.1 ms | step 40.1 ms | 12780.6 samples/s
  step   250/1756 | loss 0.0059 | data 0.1 ms | step 40.0 ms | 12787.9 samples/s
  step   300/1756 | loss 0.0060 | data 0.1 ms | step 40.0 ms | 12784.2 samples/s
  step   350/1756 | loss 0.0059 | data 0.1 ms | step 40.1 ms | 12769.2 samples/s
  step   400/1756 | loss 0.0058 | data 0.1 ms | step 40.1 ms | 12761.6 samples/s
  step   450/1756 | loss 0.0059 | data 0.1 ms | step 40.2 ms | 12723.8 samples/s
  step   500/1756 | loss 0.0059 | data 0.1 ms | step 40.1 ms | 12767.2 samples/s
  step   550/1756 | loss 0.0060 | data 0.1 ms | step 40.1 ms | 12760.8 samples/s
  step   600/1756 | loss 0.0058 | data 0.1 ms | step 40.1 ms | 12755.2 samples/s
  step   650/1756 | loss 0.0058 | data 0.1 ms | step 40.2 ms | 12751.7 samples/s
  step   700/1756 | loss 0.0058 | data 0.1 ms | step 40.1 ms | 12758.6 samples/s
  step   750/1756 | loss 0.0058 | data 0.1 ms | step 40.1 ms | 12754.4 samples/s
  step   800/1756 | loss 0.0061 | data 0.1 ms | step 40.1 ms | 12756.2 samples/s
  step   850/1756 | loss 0.0060 | data 0.1 ms | step 40.1 ms | 12756.2 samples/s
  step   900/1756 | loss 0.0059 | data 0.1 ms | step 40.1 ms | 12758.2 samples/s
  step   950/1756 | loss 0.0058 | data 0.1 ms | step 40.1 ms | 12760.3 samples/s
  step  1000/1756 | loss 0.0056 | data 0.1 ms | step 40.1 ms | 12759.0 samples/s
  step  1050/1756 | loss 0.0059 | data 0.1 ms | step 40.1 ms | 12757.6 samples/s
  step  1100/1756 | loss 0.0056 | data 0.1 ms | step 40.1 ms | 12755.9 samples/s
  step  1150/1756 | loss 0.0058 | data 0.1 ms | step 40.1 ms | 12753.7 samples/s
  step  1200/1756 | loss 0.0059 | data 0.1 ms | step 40.1 ms | 12756.7 samples/s
  step  1250/1756 | loss 0.0062 | data 0.1 ms | step 40.1 ms | 12754.3 samples/s
  step  1300/1756 | loss 0.0058 | data 0.1 ms | step 40.4 ms | 12662.2 samples/s
  step  1350/1756 | loss 0.0057 | data 0.1 ms | step 40.3 ms | 12710.4 samples/s
  step  1400/1756 | loss 0.0056 | data 0.1 ms | step 40.2 ms | 12750.4 samples/s
  step  1450/1756 | loss 0.0059 | data 0.1 ms | step 40.1 ms | 12757.6 samples/s
  step  1500/1756 | loss 0.0057 | data 0.1 ms | step 40.1 ms | 12760.2 samples/s
  step  1550/1756 | loss 0.0059 | data 0.1 ms | step 40.1 ms | 12755.9 samples/s
  step  1600/1756 | loss 0.0056 | data 0.1 ms | step 40.1 ms | 12759.1 samples/s
  step  1650/1756 | loss 0.0057 | data 0.1 ms | step 40.1 ms | 12758.9 samples/s
  step  1700/1756 | loss 0.0059 | data 0.1 ms | step 40.1 ms | 12755.9 samples/s
  step  1750/1756 | loss 0.0057 | data 0.6 ms | step 40.1 ms | 12759.7 samples/s
Training Loss: 0.005868 | data 0.1 ms | step 40.1 ms | 12754.8 samples/s
Peak GPU memory: 5178.0 MB
Validation Loss: 0.003329 | data 0.1 ms | step 10.9 ms | 47130.6 samples/s

Epoch 12/25
----------------------------------------
Learning Rate: 0.000090
Batch Size   : 512
  step    50/1756 | loss 0.0059 | data 0.7 ms | step 40.1 ms | 12753.9 samples/s
  step   100/1756 | loss 0.0057 | data 0.1 ms | step 40.3 ms | 12708.9 samples/s
  step   150/1756 | loss 0.0056 | data 0.1 ms | step 40.1 ms | 12779.1 samples/s
  step   200/1756 | loss 0.0058 | data 0.1 ms | step 40.1 ms | 12783.2 samples/s
  step   250/1756 | loss 0.0058 | data 0.1 ms | step 40.1 ms | 12773.2 samples/s
  step   300/1756 | loss 0.0055 | data 0.1 ms | step 40.1 ms | 12779.7 samples/s
  step   350/1756 | loss 0.0054 | data 0.1 ms | step 40.1 ms | 12769.4 samples/s
  step   400/1756 | loss 0.0055 | data 0.1 ms | step 40.1 ms | 12774.0 samples/s
  step   450/1756 | loss 0.0056 | data 0.1 ms | step 40.1 ms | 12778.6 samples/s
  step   500/1756 | loss 0.0055 | data 0.1 ms | step 40.1 ms | 12780.2 samples/s
  step   550/1756 | loss 0.0053 | data 0.1 ms | step 40.1 ms | 12776.6 samples/s
  step   600/1756 | loss 0.0056 | data 0.1 ms | step 40.1 ms | 12773.6 samples/s
  step   650/1756 | loss 0.0054 | data 0.1 ms | step 40.3 ms | 12712.8 samples/s
  step   700/1756 | loss 0.0057 | data 0.1 ms | step 40.2 ms | 12730.4 samples/s
  step   750/1756 | loss 0.0058 | data 0.1 ms | step 40.3 ms | 12719.1 samples/s
  step   800/1756 | loss 0.0058 | data 0.1 ms | step 40.2 ms | 12735.2 samples/s
  step   850/1756 | loss 0.0056 | data 0.1 ms | step 40.2 ms | 12739.4 samples/s
  step   900/1756 | loss 0.0055 | data 0.1 ms | step 40.2 ms | 12749.0 samples/s
  step   950/1756 | loss 0.0055 | data 0.1 ms | step 40.2 ms | 12743.2 samples/s
  step  1000/1756 | loss 0.0055 | data 0.1 ms | step 40.2 ms | 12741.8 samples/s
  step  1050/1756 | loss 0.0054 | data 0.1 ms | step 40.2 ms | 12738.8 samples/s
  step  1100/1756 | loss 0.0056 | data 0.1 ms | step 40.2 ms | 12744.4 samples/s
  step  1150/1756 | loss 0.0055 | data 0.1 ms | step 40.2 ms | 12744.2 samples/s
  step  1200/1756 | loss 0.0053 | data 0.1 ms | step 40.2 ms | 12741.1 samples/s
  step  1250/1756 | loss 0.0054 | data 0.1 ms | step 40.2 ms | 12741.8 samples/s
  step  1300/1756 | loss 0.0054 | data 0.1 ms | step 40.2 ms | 12740.9 samples/s
  step  1350/1756 | loss 0.0053 | data 0.1 ms | step 40.2 ms | 12741.3 samples/s
  step  1400/1756 | loss 0.0052 | data 0.1 ms | step 40.2 ms | 12739.2 samples/s
  step  1450/1756 | loss 0.0055 | data 0.1 ms | step 40.2 ms | 12745.1 samples/s
  step  1500/1756 | loss 0.0056 | data 0.1 ms | step 40.2 ms | 12740.4 samples/s
  step  1550/1756 | loss 0.0055 | data 0.1 ms | step 40.2 ms | 12751.4 samples/s
  step  1600/1756 | loss 0.0055 | data 0.1 ms | step 40.3 ms | 12695.5 samples/s
  step  1650/1756 | loss 0.0053 | data 0.1 ms | step 40.0 ms | 12786.5 samples/s
  step  1700/1756 | loss 0.0061 | data 0.1 ms | step 40.1 ms | 12783.6 samples/s
  step  1750/1756 | loss 0.0058 | data 0.6 ms | step 40.1 ms | 12777.5 samples/s
Training Loss: 0.005556 | data 0.1 ms | step 40.1 ms | 12750.0 samples/s
Peak GPU memory: 5178.0 MB
Validation Loss: 0.003198 | data 0.1 ms | step 10.8 ms | 47244.7 samples/s

Epoch 13/25
----------------------------------------
Learning Rate: 0.000090
Batch Size   : 512
  step    50/1756 | loss 0.0055 | data 0.7 ms | step 40.1 ms | 12773.8 samples/s
  step   100/1756 | loss 0.0057 | data 0.1 ms | step 40.1 ms | 12782.3 samples/s
  step   150/1756 | loss 0.0053 | data 0.1 ms | step 40.0 ms | 12784.3 samples/s
  step   200/1756 | loss 0.0054 | data 0.1 ms | step 40.0 ms | 12784.7 samples/s
  step   250/1756 | loss 0.0053 | data 0.1 ms | step 40.2 ms | 12739.9 samples/s
  step   300/1756 | loss 0.0054 | data 0.1 ms | step 40.3 ms | 12704.0 samples/s
  step   350/1756 | loss 0.0052 | data 0.1 ms | step 40.2 ms | 12751.4 samples/s
  step   400/1756 | loss 0.0053 | data 0.1 ms | step 40.1 ms | 12755.4 samples/s
  step   450/1756 | loss 0.0054 | data 0.1 ms | step 40.2 ms | 12735.8 samples/s
  step   500/1756 | loss 0.0054 | data 0.1 ms | step 40.2 ms | 12739.4 samples/s
  step   550/1756 | loss 0.0053 | data 0.1 ms | step 40.2 ms | 12741.1 samples/s
  step   600/1756 | loss 0.0053 | data 0.1 ms | step 40.2 ms | 12736.1 samples/s
  step   650/1756 | loss 0.0052 | data 0.1 ms | step 40.2 ms | 12740.9 samples/s
  step   700/1756 | loss 0.0050 | data 0.1 ms | step 40.2 ms | 12737.5 samples/s
  step   750/1756 | loss 0.0050 | data 0.1 ms | step 40.2 ms | 12737.5 samples/s
  step   800/1756 | loss 0.0052 | data 0.1 ms | step 40.2 ms | 12738.3 samples/s
  step   850/1756 | loss 0.0056 | data 0.1 ms | step 40.2 ms | 12736.8 samples/s
  step   900/1756 | loss 0.0065 | data 0.1 ms | step 40.2 ms | 12737.9 samples/s
  step   950/1756 | loss 0.0053 | data 0.1 ms | step 40.2 ms | 12742.1 samples/s
  step  1000/1756 | loss 0.0050 | data 0.1 ms | step 40.2 ms | 12738.6 samples/s
  step  1050/1756 | loss 0.0052 | data 0.1 ms | step 40.2 ms | 12735.3 samples/s
  step  1100/1756 | loss 0.0051 | data 0.1 ms | step 40.2 ms | 12733.8 samples/s
  step  1150/1756 | loss 0.0050 | data 0.1 ms | step 40.2 ms | 12747.1 samples/s
  step  1200/1756 | loss 0.0053 | data 0.1 ms | step 40.2 ms | 12738.7 samples/s
  step  1250/1756 | loss 0.0052 | data 0.1 ms | step 40.3 ms | 12690.1 samples/s
  step  1300/1756 | loss 0.0049 | data 0.1 ms | step 40.3 ms | 12713.2 samples/s
  step  1350/1756 | loss 0.0049 | data 0.1 ms | step 40.1 ms | 12770.6 samples/s
  step  1400/1756 | loss 0.0052 | data 0.1 ms | step 40.1 ms | 12775.1 samples/s
  step  1450/1756 | loss 0.0051 | data 0.1 ms | step 40.1 ms | 12776.1 samples/s
  step  1500/1756 | loss 0.0050 | data 0.1 ms | step 40.1 ms | 12769.8 samples/s
  step  1550/1756 | loss 0.0052 | data 0.1 ms | step 40.1 ms | 12770.6 samples/s
  step  1600/1756 | loss 0.0050 | data 0.1 ms | step 40.1 ms | 12777.3 samples/s
  step  1650/1756 | loss 0.0052 | data 0.1 ms | step 40.1 ms | 12779.6 samples/s
  step  1700/1756 | loss 0.0052 | data 0.1 ms | step 40.1 ms | 12777.4 samples/s
  step  1750/1756 | loss 0.0051 | data 0.6 ms | step 40.1 ms | 12777.0 samples/s
Training Loss: 0.005257 | data 0.1 ms | step 40.1 ms | 12747.6 samples/s
Peak GPU memory: 5178.0 MB
Validation Loss: 0.003642 | data 0.1 ms | step 10.8 ms | 47181.8 samples/s

Epoch 14/25
----------------------------------------
Learning Rate: 0.000090
Batch Size   : 512
  step    50/1756 | loss 0.0054 | data 0.7 ms | step 40.2 ms | 12742.2 samples/s
  step   100/1756 | loss 0.0049 | data 0.1 ms | step 40.2 ms | 12740.9 samples/s
  step   150/1756 | loss 0.0049 | data 0.1 ms | step 40.2 ms | 12733.5 samples/s
  step   200/1756 | loss 0.0051 | data 0.1 ms | step 40.2 ms | 12742.6 samples/s
  step   250/1756 | loss 0.0050 | data 0.1 ms | step 40.2 ms | 12745.1 samples/s
  step   300/1756 | loss 0.0050 | data 0.1 ms | step 40.2 ms | 12741.1 samples/s
  step   350/1756 | loss 0.0051 | data 0.1 ms | step 40.2 ms | 12742.9 samples/s
  step   400/1756 | loss 0.0051 | data 0.1 ms | step 40.2 ms | 12740.3 samples/s
  step   450/1756 | loss 0.0051 | data 0.1 ms | step 40.2 ms | 12741.6 samples/s
  step   500/1756 | loss 0.0050 | data 0.1 ms | step 40.2 ms | 12730.5 samples/s
  step   550/1756 | loss 0.0050 | data 0.1 ms | step 40.2 ms | 12743.9 samples/s
  step   600/1756 | loss 0.0050 | data 0.1 ms | step 40.2 ms | 12739.1 samples/s
  step   650/1756 | loss 0.0050 | data 0.1 ms | step 40.2 ms | 12744.2 samples/s
  step   700/1756 | loss 0.0049 | data 0.1 ms | step 40.2 ms | 12741.9 samples/s
  step   750/1756 | loss 0.0052 | data 0.1 ms | step 40.2 ms | 12741.1 samples/s
  step   800/1756 | loss 0.0050 | data 0.1 ms | step 40.2 ms | 12737.1 samples/s
  step   850/1756 | loss 0.0050 | data 0.1 ms | step 40.2 ms | 12734.1 samples/s
  step   900/1756 | loss 0.0049 | data 0.1 ms | step 40.2 ms | 12739.6 samples/s
  step   950/1756 | loss 0.0051 | data 0.1 ms | step 40.2 ms | 12738.7 samples/s
  step  1000/1756 | loss 0.0049 | data 0.1 ms | step 40.2 ms | 12740.0 samples/s
  step  1050/1756 | loss 0.0050 | data 0.1 ms | step 40.5 ms | 12653.9 samples/s
  step  1100/1756 | loss 0.0049 | data 0.1 ms | step 40.1 ms | 12755.3 samples/s
  step  1150/1756 | loss 0.0049 | data 0.1 ms | step 40.1 ms | 12779.6 samples/s
  step  1200/1756 | loss 0.0049 | data 0.1 ms | step 40.1 ms | 12778.5 samples/s
  step  1250/1756 | loss 0.0050 | data 0.1 ms | step 40.1 ms | 12778.7 samples/s
  step  1300/1756 | loss 0.0049 | data 0.1 ms | step 40.1 ms | 12771.6 samples/s
  step  1350/1756 | loss 0.0047 | data 0.1 ms | step 40.1 ms | 12781.8 samples/s
  step  1400/1756 | loss 0.0049 | data 0.1 ms | step 40.1 ms | 12779.6 samples/s
  step  1450/1756 | loss 0.0050 | data 0.1 ms | step 40.1 ms | 12778.7 samples/s
  step  1500/1756 | loss 0.0050 | data 0.1 ms | step 40.1 ms | 12779.0 samples/s
  step  1550/1756 | loss 0.0049 | data 0.1 ms | step 40.1 ms | 12779.2 samples/s
  step  1600/1756 | loss 0.0050 | data 0.1 ms | step 40.1 ms | 12778.5 samples/s
  step  1650/1756 | loss 0.0049 | data 0.1 ms | step 40.1 ms | 12767.0 samples/s
  step  1700/1756 | loss 0.0051 | data 0.1 ms | step 40.1 ms | 12767.4 samples/s
  step  1750/1756 | loss 0.0049 | data 0.6 ms | step 40.1 ms | 12762.0 samples/s
Training Loss: 0.004977 | data 0.1 ms | step 40.1 ms | 12748.1 samples/s
Peak GPU memory: 5178.0 MB
Validation Loss: 0.002480 | data 0.1 ms | step 10.8 ms | 47187.3 samples/s

Epoch 15/25
----------------------------------------
Learning Rate: 0.000090
Batch Size   : 512
  step    50/1756 | loss 0.0048 | data 0.7 ms | step 40.1 ms | 12765.5 samples/s
  step   100/1756 | loss 0.0048 | data 0.1 ms | step 40.1 ms | 12754.6 samples/s
  step   150/1756 | loss 0.0049 | data 0.1 ms | step 40.1 ms | 12779.5 samples/s
  step   200/1756 | loss 0.0048 | data 0.1 ms | step 40.1 ms | 12773.9 samples/s
  step   250/1756 | loss 0.0049 | data 0.1 ms | step 40.1 ms | 12775.7 samples/s
  step   300/1756 | loss 0.0050 | data 0.1 ms | step 40.2 ms | 12752.0 samples/s
  step   350/1756 | loss 0.0047 | data 0.1 ms | step 40.1 ms | 12771.0 samples/s
  step   400/1756 | loss 0.0045 | data 0.1 ms | step 40.1 ms | 12769.1 samples/s
  step   450/1756 | loss 0.0048 | data 0.1 ms | step 40.1 ms | 12774.6 samples/s
  step   500/1756 | loss 0.0044 | data 0.1 ms | step 40.1 ms | 12771.1 samples/s
  step   550/1756 | loss 0.0045 | data 0.1 ms | step 40.1 ms | 12769.1 samples/s
  step   600/1756 | loss 0.0048 | data 0.1 ms | step 40.4 ms | 12688.6 samples/s
  step   650/1756 | loss 0.0048 | data 0.1 ms | step 40.1 ms | 12770.1 samples/s
  step   700/1756 | loss 0.0047 | data 0.1 ms | step 40.0 ms | 12794.1 samples/s
  step   750/1756 | loss 0.0051 | data 0.1 ms | step 40.0 ms | 12792.9 samples/s
  step   800/1756 | loss 0.0049 | data 0.1 ms | step 40.0 ms | 12794.3 samples/s
  step   850/1756 | loss 0.0046 | data 0.1 ms | step 40.1 ms | 12782.8 samples/s
  step   900/1756 | loss 0.0046 | data 0.1 ms | step 40.0 ms | 12795.4 samples/s
  step   950/1756 | loss 0.0048 | data 0.1 ms | step 40.0 ms | 12789.3 samples/s
  step  1000/1756 | loss 0.0047 | data 0.1 ms | step 40.0 ms | 12787.4 samples/s
  step  1050/1756 | loss 0.0047 | data 0.1 ms | step 40.0 ms | 12785.9 samples/s
  step  1100/1756 | loss 0.0046 | data 0.1 ms | step 40.0 ms | 12785.9 samples/s
  step  1150/1756 | loss 0.0047 | data 0.1 ms | step 40.0 ms | 12787.3 samples/s
  step  1200/1756 | loss 0.0047 | data 0.1 ms | step 40.2 ms | 12734.4 samples/s
  step  1250/1756 | loss 0.0046 | data 0.1 ms | step 40.0 ms | 12785.9 samples/s
  step  1300/1756 | loss 0.0044 | data 0.1 ms | step 40.1 ms | 12777.2 samples/s
  step  1350/1756 | loss 0.0045 | data 0.1 ms | step 40.1 ms | 12777.4 samples/s
  step  1400/1756 | loss 0.0047 | data 0.1 ms | step 40.1 ms | 12766.3 samples/s
  step  1450/1756 | loss 0.0048 | data 0.1 ms | step 40.0 ms | 12785.8 samples/s
  step  1500/1756 | loss 0.0048 | data 0.1 ms | step 40.1 ms | 12779.2 samples/s
  step  1550/1756 | loss 0.0046 | data 0.1 ms | step 40.0 ms | 12787.0 samples/s
  step  1600/1756 | loss 0.0048 | data 0.1 ms | step 40.0 ms | 12789.5 samples/s
  step  1650/1756 | loss 0.0046 | data 0.1 ms | step 40.0 ms | 12786.5 samples/s
  step  1700/1756 | loss 0.0048 | data 0.1 ms | step 40.0 ms | 12788.6 samples/s
  step  1750/1756 | loss 0.0049 | data 0.6 ms | step 40.1 ms | 12756.0 samples/s
Training Loss: 0.004727 | data 0.1 ms | step 40.1 ms | 12772.0 samples/s
Peak GPU memory: 5178.0 MB
Validation Loss: 0.002527 | data 0.1 ms | step 10.9 ms | 47087.8 samples/s

Epoch 16/25
----------------------------------------
Learning Rate: 0.000090
Batch Size   : 512
  step    50/1756 | loss 0.0047 | data 0.7 ms | step 40.1 ms | 12757.8 samples/s
  step   100/1756 | loss 0.0053 | data 0.1 ms | step 40.1 ms | 12761.2 samples/s
  step   150/1756 | loss 0.0047 | data 0.1 ms | step 40.1 ms | 12762.0 samples/s
  step   200/1756 | loss 0.0046 | data 0.1 ms | step 40.1 ms | 12759.8 samples/s
  step   250/1756 | loss 0.0046 | data 0.1 ms | step 40.1 ms | 12760.9 samples/s
  step   300/1756 | loss 0.0047 | data 0.1 ms | step 40.1 ms | 12760.5 samples/s
  step   350/1756 | loss 0.0047 | data 0.1 ms | step 40.1 ms | 12759.7 samples/s
  step   400/1756 | loss 0.0044 | data 0.1 ms | step 40.1 ms | 12761.5 samples/s
  step   450/1756 | loss 0.0045 | data 0.1 ms | step 40.1 ms | 12760.2 samples/s
  step   500/1756 | loss 0.0046 | data 0.1 ms | step 40.1 ms | 12757.6 samples/s
  step   550/1756 | loss 0.0047 | data 0.1 ms | step 40.1 ms | 12765.9 samples/s
  step   600/1756 | loss 0.0046 | data 0.1 ms | step 40.1 ms | 12762.7 samples/s
  step   650/1756 | loss 0.0047 | data 0.1 ms | step 40.1 ms | 12765.6 samples/s
  step   700/1756 | loss 0.0046 | data 0.1 ms | step 40.3 ms | 12715.1 samples/s
  step   750/1756 | loss 0.0044 | data 0.1 ms | step 40.0 ms | 12784.1 samples/s
  step   800/1756 | loss 0.0045 | data 0.1 ms | step 40.0 ms | 12788.5 samples/s
  step   850/1756 | loss 0.0042 | data 0.1 ms | step 40.0 ms | 12789.0 samples/s
  step   900/1756 | loss 0.0045 | data 0.1 ms | step 40.0 ms | 12788.8 samples/s
  step   950/1756 | loss 0.0047 | data 0.1 ms | step 40.0 ms | 12789.7 samples/s
  step  1000/1756 | loss 0.0043 | data 0.1 ms | step 40.0 ms | 12785.9 samples/s
  step  1050/1756 | loss 0.0044 | data 0.1 ms | step 40.1 ms | 12780.9 samples/s
  step  1100/1756 | loss 0.0043 | data 0.1 ms | step 40.1 ms | 12774.2 samples/s
  step  1150/1756 | loss 0.0043 | data 0.1 ms | step 40.0 ms | 12785.6 samples/s
  step  1200/1756 | loss 0.0044 | data 0.1 ms | step 40.1 ms | 12783.2 samples/s
  step  1250/1756 | loss 0.0042 | data 0.1 ms | step 40.2 ms | 12746.8 samples/s
  step  1300/1756 | loss 0.0044 | data 0.1 ms | step 40.2 ms | 12740.3 samples/s
  step  1350/1756 | loss 0.0046 | data 0.1 ms | step 40.2 ms | 12746.8 samples/s
  step  1400/1756 | loss 0.0043 | data 0.1 ms | step 40.2 ms | 12736.8 samples/s
  step  1450/1756 | loss 0.0044 | data 0.1 ms | step 40.2 ms | 12750.5 samples/s
  step  1500/1756 | loss 0.0044 | data 0.1 ms | step 40.2 ms | 12751.3 samples/s
  step  1550/1756 | loss 0.0045 | data 0.1 ms | step 40.2 ms | 12749.3 samples/s
  step  1600/1756 | loss 0.0045 | data 0.1 ms | step 40.2 ms | 12745.8 samples/s
  step  1650/1756 | loss 0.0046 | data 0.1 ms | step 40.2 ms | 12743.7 samples/s
  step  1700/1756 | loss 0.0042 | data 0.1 ms | step 40.2 ms | 12748.1 samples/s
  step  1750/1756 | loss 0.0043 | data 0.7 ms | step 40.2 ms | 12746.0 samples/s
Training Loss: 0.004513 | data 0.1 ms | step 40.1 ms | 12758.7 samples/s
Peak GPU memory: 5178.0 MB
Validation Loss: 0.002422 | data 0.1 ms | step 10.9 ms | 47044.3 samples/s

Epoch 17/25
----------------------------------------
Learning Rate: 0.000090
Batch Size   : 512
  step    50/1756 | loss 0.0044 | data 0.7 ms | step 40.2 ms | 12742.2 samples/s
  step   100/1756 | loss 0.0044 | data 0.1 ms | step 40.2 ms | 12744.5 samples/s
  step   150/1756 | loss 0.0045 | data 0.1 ms | step 40.2 ms | 12749.5 samples/s
  step   200/1756 | loss 0.0043 | data 0.1 ms | step 40.2 ms | 12746.9 samples/s
  step   250/1756 | loss 0.0042 | data 0.1 ms | step 40.2 ms | 12749.5 samples/s
  step   300/1756 | loss 0.0043 | data 0.1 ms | step 40.3 ms | 12700.2 samples/s
  step   350/1756 | loss 0.0041 | data 0.1 ms | step 40.1 ms | 12774.3 samples/s
  step   400/1756 | loss 0.0043 | data 0.1 ms | step 40.0 ms | 12784.2 samples/s
  step   450/1756 | loss 0.0044 | data 0.1 ms | step 40.0 ms | 12785.4 samples/s
  step   500/1756 | loss 0.0045 | data 0.1 ms | step 40.1 ms | 12781.9 samples/s
  step   550/1756 | loss 0.0045 | data 0.1 ms | step 40.1 ms | 12780.7 samples/s
  step   600/1756 | loss 0.0044 | data 0.1 ms | step 40.1 ms | 12781.7 samples/s
  step   650/1756 | loss 0.0045 | data 0.1 ms | step 40.1 ms | 12783.8 samples/s
  step   700/1756 | loss 0.0044 | data 0.1 ms | step 40.1 ms | 12782.1 samples/s
  step   750/1756 | loss 0.0047 | data 0.1 ms | step 40.1 ms | 12780.1 samples/s
  step   800/1756 | loss 0.0044 | data 0.1 ms | step 40.1 ms | 12783.4 samples/s
  step   850/1756 | loss 0.0043 | data 0.1 ms | step 40.1 ms | 12777.7 samples/s
  step   900/1756 | loss 0.0042 | data 0.1 ms | step 40.2 ms | 12740.1 samples/s
  step   950/1756 | loss 0.0042 | data 0.1 ms | step 40.3 ms | 12702.9 samples/s
  step  1000/1756 | loss 0.0041 | data 0.1 ms | step 40.2 ms | 12745.5 samples/s
  step  1050/1756 | loss 0.0041 | data 0.1 ms | step 40.1 ms | 12753.6 samples/s
  step  1100/1756 | loss 0.0043 | data 0.1 ms | step 40.1 ms | 12762.7 samples/s
  step  1150/1756 | loss 0.0042 | data 0.1 ms | step 40.1 ms | 12768.9 samples/s
  step  1200/1756 | loss 0.0042 | data 0.1 ms | step 40.1 ms | 12770.6 samples/s
  step  1250/1756 | loss 0.0050 | data 0.1 ms | step 40.1 ms | 12762.2 samples/s
  step  1300/1756 | loss 0.0043 | data 0.1 ms | step 40.1 ms | 12765.7 samples/s
  step  1350/1756 | loss 0.0043 | data 0.1 ms | step 40.1 ms | 12761.2 samples/s
  step  1400/1756 | loss 0.0043 | data 0.1 ms | step 40.1 ms | 12761.5 samples/s
  step  1450/1756 | loss 0.0042 | data 0.1 ms | step 40.1 ms | 12760.0 samples/s
  step  1500/1756 | loss 0.0040 | data 0.1 ms | step 40.2 ms | 12748.7 samples/s
  step  1550/1756 | loss 0.0043 | data 0.1 ms | step 40.2 ms | 12736.4 samples/s
  step  1600/1756 | loss 0.0039 | data 0.1 ms | step 40.2 ms | 12749.6 samples/s
  step  1650/1756 | loss 0.0042 | data 0.1 ms | step 40.2 ms | 12736.9 samples/s
  step  1700/1756 | loss 0.0043 | data 0.1 ms | step 40.1 ms | 12754.8 samples/s
  step  1750/1756 | loss 0.0041 | data 0.6 ms | step 40.1 ms | 12759.1 samples/s
Training Loss: 0.004312 | data 0.1 ms | step 40.1 ms | 12756.0 samples/s
Peak GPU memory: 5178.0 MB
Validation Loss: 0.002347 | data 0.1 ms | step 10.9 ms | 46847.3 samples/s

Epoch 18/25
----------------------------------------
Learning Rate: 0.000090
Batch Size   : 512
  step    50/1756 | loss 0.0040 | data 0.8 ms | step 40.2 ms | 12740.4 samples/s
  step   100/1756 | loss 0.0043 | data 0.1 ms | step 40.1 ms | 12781.9 samples/s
  step   150/1756 | loss 0.0043 | data 0.1 ms | step 40.1 ms | 12782.5 samples/s
  step   200/1756 | loss 0.0043 | data 0.1 ms | step 40.1 ms | 12772.9 samples/s
  step   250/1756 | loss 0.0042 | data 0.1 ms | step 40.1 ms | 12782.9 samples/s
  step   300/1756 | loss 0.0041 | data 0.1 ms | step 40.1 ms | 12775.0 samples/s
  step   350/1756 | loss 0.0042 | data 0.1 ms | step 40.1 ms | 12774.8 samples/s
  step   400/1756 | loss 0.0040 | data 0.1 ms | step 40.1 ms | 12774.2 samples/s
  step   450/1756 | loss 0.0042 | data 0.1 ms | step 40.1 ms | 12772.4 samples/s
  step   500/1756 | loss 0.0040 | data 0.1 ms | step 40.1 ms | 12775.1 samples/s
  step   550/1756 | loss 0.0041 | data 0.1 ms | step 40.1 ms | 12773.8 samples/s
  step   600/1756 | loss 0.0041 | data 0.1 ms | step 40.1 ms | 12764.5 samples/s
  step   650/1756 | loss 0.0043 | data 0.1 ms | step 40.2 ms | 12741.6 samples/s
  step   700/1756 | loss 0.0042 | data 0.1 ms | step 40.2 ms | 12738.7 samples/s
  step   750/1756 | loss 0.0040 | data 0.1 ms | step 40.2 ms | 12751.5 samples/s
  step   800/1756 | loss 0.0044 | data 0.1 ms | step 40.1 ms | 12754.8 samples/s
  step   850/1756 | loss 0.0040 | data 0.1 ms | step 40.1 ms | 12755.0 samples/s
  step   900/1756 | loss 0.0041 | data 0.1 ms | step 40.1 ms | 12759.8 samples/s
  step   950/1756 | loss 0.0038 | data 0.1 ms | step 40.1 ms | 12765.9 samples/s
  step  1000/1756 | loss 0.0040 | data 0.1 ms | step 40.1 ms | 12756.5 samples/s
  step  1050/1756 | loss 0.0039 | data 0.1 ms | step 40.1 ms | 12756.3 samples/s
  step  1100/1756 | loss 0.0051 | data 0.1 ms | step 40.1 ms | 12756.5 samples/s
  step  1150/1756 | loss 0.0039 | data 0.1 ms | step 40.2 ms | 12749.3 samples/s
  step  1200/1756 | loss 0.0042 | data 0.1 ms | step 40.1 ms | 12752.9 samples/s
  step  1250/1756 | loss 0.0043 | data 0.1 ms | step 40.1 ms | 12764.1 samples/s
  step  1300/1756 | loss 0.0039 | data 0.1 ms | step 40.1 ms | 12756.5 samples/s
  step  1350/1756 | loss 0.0041 | data 0.1 ms | step 40.1 ms | 12760.5 samples/s
  step  1400/1756 | loss 0.0039 | data 0.1 ms | step 40.1 ms | 12763.6 samples/s
  step  1450/1756 | loss 0.0038 | data 0.1 ms | step 40.2 ms | 12752.2 samples/s
  step  1500/1756 | loss 0.0039 | data 0.1 ms | step 40.1 ms | 12756.1 samples/s
  step  1550/1756 | loss 0.0041 | data 0.1 ms | step 40.3 ms | 12701.9 samples/s
  step  1600/1756 | loss 0.0038 | data 0.1 ms | step 40.2 ms | 12723.4 samples/s
  step  1650/1756 | loss 0.0038 | data 0.1 ms | step 40.2 ms | 12732.7 samples/s
  step  1700/1756 | loss 0.0040 | data 0.1 ms | step 40.1 ms | 12764.2 samples/s
  step  1750/1756 | loss 0.0040 | data 0.6 ms | step 40.1 ms | 12762.6 samples/s
Training Loss: 0.004098 | data 0.1 ms | step 40.1 ms | 12755.5 samples/s
Peak GPU memory: 5178.0 MB
Validation Loss: 0.002229 | data 0.1 ms | step 10.9 ms | 47129.9 samples/s

Epoch 19/25
----------------------------------------
Learning Rate: 0.000090
Batch Size   : 512
  step    50/1756 | loss 0.0040 | data 0.7 ms | step 40.1 ms | 12757.7 samples/s
  step   100/1756 | loss 0.0041 | data 0.1 ms | step 40.1 ms | 12755.0 samples/s
  step   150/1756 | loss 0.0042 | data 0.1 ms | step 40.1 ms | 12761.8 samples/s
  step   200/1756 | loss 0.0040 | data 0.1 ms | step 40.1 ms | 12754.3 samples/s
  step   250/1756 | loss 0.0045 | data 0.1 ms | step 40.1 ms | 12760.3 samples/s
  step   300/1756 | loss 0.0040 | data 0.1 ms | step 40.1 ms | 12761.2 samples/s
  step   350/1756 | loss 0.0041 | data 0.1 ms | step 40.1 ms | 12764.1 samples/s
  step   400/1756 | loss 0.0039 | data 0.1 ms | step 40.1 ms | 12761.0 samples/s
  step   450/1756 | loss 0.0041 | data 0.1 ms | step 40.1 ms | 12769.1 samples/s
  step   500/1756 | loss 0.0039 | data 0.1 ms | step 40.1 ms | 12773.4 samples/s
  step   550/1756 | loss 0.0039 | data 0.1 ms | step 40.1 ms | 12775.2 samples/s
  step   600/1756 | loss 0.0040 | data 0.1 ms | step 40.1 ms | 12779.4 samples/s
  step   650/1756 | loss 0.0040 | data 0.1 ms | step 40.1 ms | 12775.4 samples/s
  step   700/1756 | loss 0.0037 | data 0.1 ms | step 40.1 ms | 12778.4 samples/s
  step   750/1756 | loss 0.0036 | data 0.1 ms | step 40.1 ms | 12779.1 samples/s
  step   800/1756 | loss 0.0038 | data 0.1 ms | step 40.1 ms | 12771.8 samples/s
  step   850/1756 | loss 0.0040 | data 0.1 ms | step 40.1 ms | 12770.4 samples/s
  step   900/1756 | loss 0.0040 | data 0.1 ms | step 40.1 ms | 12770.8 samples/s
  step   950/1756 | loss 0.0040 | data 0.1 ms | step 40.1 ms | 12765.2 samples/s
  step  1000/1756 | loss 0.0040 | data 0.1 ms | step 40.1 ms | 12769.0 samples/s
  step  1050/1756 | loss 0.0038 | data 0.1 ms | step 40.1 ms | 12754.7 samples/s
  step  1100/1756 | loss 0.0041 | data 0.1 ms | step 40.1 ms | 12768.0 samples/s
  step  1150/1756 | loss 0.0040 | data 0.1 ms | step 40.1 ms | 12769.1 samples/s
  step  1200/1756 | loss 0.0038 | data 0.1 ms | step 40.1 ms | 12769.6 samples/s
  step  1250/1756 | loss 0.0038 | data 0.1 ms | step 40.4 ms | 12686.8 samples/s
  step  1300/1756 | loss 0.0039 | data 0.1 ms | step 40.3 ms | 12713.8 samples/s
  step  1350/1756 | loss 0.0038 | data 0.1 ms | step 40.1 ms | 12755.6 samples/s
  step  1400/1756 | loss 0.0038 | data 0.1 ms | step 40.2 ms | 12739.1 samples/s
  step  1450/1756 | loss 0.0039 | data 0.1 ms | step 40.2 ms | 12736.8 samples/s
  step  1500/1756 | loss 0.0037 | data 0.1 ms | step 40.2 ms | 12727.6 samples/s
  step  1550/1756 | loss 0.0037 | data 0.1 ms | step 40.2 ms | 12741.5 samples/s
  step  1600/1756 | loss 0.0037 | data 0.1 ms | step 40.2 ms | 12744.5 samples/s
  step  1650/1756 | loss 0.0041 | data 0.1 ms | step 40.2 ms | 12743.2 samples/s
  step  1700/1756 | loss 0.0050 | data 0.1 ms | step 40.2 ms | 12729.3 samples/s
  step  1750/1756 | loss 0.0041 | data 0.6 ms | step 40.2 ms | 12738.6 samples/s
Training Loss: 0.003970 | data 0.1 ms | step 40.1 ms | 12753.1 samples/s
Peak GPU memory: 5178.0 MB
Validation Loss: 0.002139 | data 0.1 ms | step 10.9 ms | 47042.6 samples/s

Epoch 20/25
----------------------------------------
Learning Rate: 0.000090
Batch Size   : 512
  step    50/1756 | loss 0.0038 | data 0.6 ms | step 40.2 ms | 12733.4 samples/s
  step   100/1756 | loss 0.0040 | data 0.1 ms | step 40.2 ms | 12740.4 samples/s
  step   150/1756 | loss 0.0040 | data 0.1 ms | step 40.2 ms | 12746.3 samples/s
  step   200/1756 | loss 0.0038 | data 0.1 ms | step 40.3 ms | 12706.7 samples/s
  step   250/1756 | loss 0.0039 | data 0.1 ms | step 40.0 ms | 12790.5 samples/s
  step   300/1756 | loss 0.0039 | data 0.1 ms | step 40.0 ms | 12788.0 samples/s
  step   350/1756 | loss 0.0037 | data 0.1 ms | step 40.0 ms | 12787.9 samples/s
  step   400/1756 | loss 0.0035 | data 0.1 ms | step 40.0 ms | 12787.8 samples/s
  step   450/1756 | loss 0.0038 | data 0.1 ms | step 40.1 ms | 12773.4 samples/s
  step   500/1756 | loss 0.0038 | data 0.1 ms | step 40.0 ms | 12792.1 samples/s
  step   550/1756 | loss 0.0036 | data 0.1 ms | step 40.0 ms | 12794.6 samples/s
  step   600/1756 | loss 0.0036 | data 0.1 ms | step 40.0 ms | 12793.9 samples/s
  step   650/1756 | loss 0.0038 | data 0.1 ms | step 40.0 ms | 12792.8 samples/s
  step   700/1756 | loss 0.0038 | data 0.1 ms | step 40.0 ms | 12785.6 samples/s
  step   750/1756 | loss 0.0037 | data 0.1 ms | step 40.2 ms | 12726.1 samples/s
  step   800/1756 | loss 0.0037 | data 0.1 ms | step 40.2 ms | 12748.7 samples/s
  step   850/1756 | loss 0.0038 | data 0.1 ms | step 40.2 ms | 12748.2 samples/s
  step   900/1756 | loss 0.0036 | data 0.2 ms | step 40.4 ms | 12678.1 samples/s
  step   950/1756 | loss 0.0037 | data 0.1 ms | step 40.2 ms | 12748.1 samples/s
  step  1000/1756 | loss 0.0037 | data 0.1 ms | step 40.2 ms | 12749.4 samples/s
  step  1050/1756 | loss 0.0040 | data 0.1 ms | step 40.2 ms | 12749.2 samples/s
  step  1100/1756 | loss 0.0039 | data 0.1 ms | step 40.2 ms | 12738.4 samples/s
  step  1150/1756 | loss 0.0038 | data 0.1 ms | step 40.2 ms | 12738.3 samples/s
  step  1200/1756 | loss 0.0037 | data 0.1 ms | step 40.2 ms | 12742.7 samples/s
  step  1250/1756 | loss 0.0034 | data 0.1 ms | step 40.2 ms | 12736.6 samples/s
  step  1300/1756 | loss 0.0037 | data 0.1 ms | step 40.2 ms | 12727.9 samples/s
  step  1350/1756 | loss 0.0037 | data 0.1 ms | step 40.2 ms | 12741.0 samples/s
  step  1400/1756 | loss 0.0039 | data 0.1 ms | step 40.2 ms | 12740.7 samples/s
  step  1450/1756 | loss 0.0038 | data 0.1 ms | step 40.2 ms | 12744.6 samples/s
  step  1500/1756 | loss 0.0035 | data 0.1 ms | step 40.2 ms | 12747.5 samples/s
  step  1550/1756 | loss 0.0038 | data 0.1 ms | step 40.2 ms | 12745.6 samples/s
  step  1600/1756 | loss 0.0037 | data 0.1 ms | step 40.2 ms | 12747.3 samples/s
  step  1650/1756 | loss 0.0036 | data 0.1 ms | step 40.2 ms | 12748.2 samples/s
  step  1700/1756 | loss 0.0038 | data 0.1 ms | step 40.2 ms | 12752.1 samples/s
  step  1750/1756 | loss 0.0037 | data 0.7 ms | step 40.3 ms | 12693.2 samples/s
Training Loss: 0.003756 | data 0.1 ms | step 40.1 ms | 12747.8 samples/s
Peak GPU memory: 5178.0 MB
Validation Loss: 0.002035 | data 0.1 ms | step 10.8 ms | 47175.4 samples/s

Epoch 21/25
----------------------------------------
Learning Rate: 0.000081
Batch Size   : 512
  step    50/1756 | loss 0.0034 | data 0.7 ms | step 40.0 ms | 12786.5 samples/s
  step   100/1756 | loss 0.0037 | data 0.1 ms | step 40.0 ms | 12795.9 samples/s
  step   150/1756 | loss 0.0038 | data 0.1 ms | step 40.0 ms | 12786.5 samples/s
  step   200/1756 | loss 0.0036 | data 0.1 ms | step 40.0 ms | 12792.0 samples/s
  step   250/1756 | loss 0.0037 | data 0.1 ms | step 40.0 ms | 12788.0 samples/s
  step   300/1756 | loss 0.0039 | data 0.1 ms | step 40.0 ms | 12794.1 samples/s
  step   350/1756 | loss 0.0035 | data 0.1 ms | step 40.0 ms | 12790.5 samples/s
  step   400/1756 | loss 0.0036 | data 0.1 ms | step 40.0 ms | 12791.3 samples/s
  step   450/1756 | loss 0.0035 | data 0.1 ms | step 40.1 ms | 12765.9 samples/s
  step   500/1756 | loss 0.0037 | data 0.1 ms | step 40.3 ms | 12701.7 samples/s
  step   550/1756 | loss 0.0035 | data 0.1 ms | step 40.1 ms | 12766.4 samples/s
  step   600/1756 | loss 0.0035 | data 0.1 ms | step 40.2 ms | 12742.1 samples/s
  step   650/1756 | loss 0.0036 | data 0.1 ms | step 40.2 ms | 12751.5 samples/s
  step   700/1756 | loss 0.0036 | data 0.1 ms | step 40.2 ms | 12747.2 samples/s
  step   750/1756 | loss 0.0037 | data 0.1 ms | step 40.2 ms | 12745.2 samples/s
  step   800/1756 | loss 0.0036 | data 0.1 ms | step 40.2 ms | 12740.0 samples/s
  step   850/1756 | loss 0.0036 | data 0.1 ms | step 40.2 ms | 12733.6 samples/s
  step   900/1756 | loss 0.0036 | data 0.1 ms | step 40.2 ms | 12728.8 samples/s
  step   950/1756 | loss 0.0037 | data 0.1 ms | step 40.2 ms | 12738.6 samples/s
  step  1000/1756 | loss 0.0047 | data 0.1 ms | step 40.2 ms | 12735.9 samples/s
  step  1050/1756 | loss 0.0036 | data 0.1 ms | step 40.2 ms | 12738.5 samples/s
  step  1100/1756 | loss 0.0037 | data 0.1 ms | step 40.2 ms | 12742.1 samples/s
  step  1150/1756 | loss 0.0034 | data 0.1 ms | step 40.2 ms | 12744.6 samples/s
  step  1200/1756 | loss 0.0035 | data 0.1 ms | step 40.2 ms | 12743.7 samples/s
  step  1250/1756 | loss 0.0035 | data 0.1 ms | step 40.2 ms | 12742.9 samples/s
  step  1300/1756 | loss 0.0036 | data 0.1 ms | step 40.2 ms | 12734.9 samples/s
  step  1350/1756 | loss 0.0035 | data 0.1 ms | step 40.2 ms | 12742.9 samples/s
  step  1400/1756 | loss 0.0037 | data 0.1 ms | step 40.2 ms | 12745.1 samples/s
  step  1450/1756 | loss 0.0037 | data 0.1 ms | step 40.2 ms | 12741.4 samples/s
  step  1500/1756 | loss 0.0035 | data 0.1 ms | step 40.4 ms | 12687.1 samples/s
  step  1550/1756 | loss 0.0036 | data 0.1 ms | step 40.3 ms | 12694.5 samples/s
  step  1600/1756 | loss 0.0036 | data 0.1 ms | step 40.2 ms | 12729.2 samples/s
  step  1650/1756 | loss 0.0037 | data 0.1 ms | step 40.2 ms | 12741.4 samples/s
  step  1700/1756 | loss 0.0034 | data 0.1 ms | step 40.2 ms | 12742.9 samples/s
  step  1750/1756 | loss 0.0034 | data 0.6 ms | step 40.2 ms | 12745.5 samples/s
Training Loss: 0.003631 | data 0.1 ms | step 40.1 ms | 12746.6 samples/s
Peak GPU memory: 5178.0 MB
Validation Loss: 0.001886 | data 0.1 ms | step 10.9 ms | 47080.5 samples/s

Epoch 22/25
----------------------------------------
Learning Rate: 0.000081
Batch Size   : 512
  step    50/1756 | loss 0.0037 | data 0.7 ms | step 40.2 ms | 12748.3 samples/s
  step   100/1756 | loss 0.0035 | data 0.1 ms | step 40.1 ms | 12763.9 samples/s
  step   150/1756 | loss 0.0033 | data 0.1 ms | step 40.1 ms | 12767.7 samples/s
  step   200/1756 | loss 0.0034 | data 0.1 ms | step 40.1 ms | 12773.0 samples/s
  step   250/1756 | loss 0.0037 | data 0.1 ms | step 40.1 ms | 12770.2 samples/s
  step   300/1756 | loss 0.0034 | data 0.1 ms | step 40.1 ms | 12768.8 samples/s
  step   350/1756 | loss 0.0034 | data 0.1 ms | step 40.1 ms | 12761.8 samples/s
  step   400/1756 | loss 0.0035 | data 0.1 ms | step 40.1 ms | 12754.2 samples/s
  step   450/1756 | loss 0.0038 | data 0.1 ms | step 40.2 ms | 12740.9 samples/s
  step   500/1756 | loss 0.0035 | data 0.1 ms | step 40.3 ms | 12698.3 samples/s
  step   550/1756 | loss 0.0036 | data 0.1 ms | step 40.2 ms | 12748.1 samples/s
  step   600/1756 | loss 0.0034 | data 0.1 ms | step 40.2 ms | 12749.0 samples/s
  step   650/1756 | loss 0.0035 | data 0.1 ms | step 40.2 ms | 12751.0 samples/s
  step   700/1756 | loss 0.0036 | data 0.1 ms | step 40.2 ms | 12739.5 samples/s
  step   750/1756 | loss 0.0033 | data 0.1 ms | step 40.2 ms | 12738.3 samples/s
  step   800/1756 | loss 0.0035 | data 0.1 ms | step 40.1 ms | 12755.0 samples/s
  step   850/1756 | loss 0.0036 | data 0.1 ms | step 40.2 ms | 12736.1 samples/s
  step   900/1756 | loss 0.0035 | data 0.1 ms | step 40.1 ms | 12752.8 samples/s
  step   950/1756 | loss 0.0035 | data 0.1 ms | step 40.1 ms | 12755.9 samples/s
  step  1000/1756 | loss 0.0036 | data 0.1 ms | step 40.1 ms | 12753.4 samples/s
  step  1050/1756 | loss 0.0033 | data 0.1 ms | step 40.2 ms | 12751.1 samples/s
  step  1100/1756 | loss 0.0034 | data 0.1 ms | step 40.1 ms | 12756.3 samples/s
  step  1150/1756 | loss 0.0035 | data 0.1 ms | step 40.1 ms | 12759.8 samples/s
  step  1200/1756 | loss 0.0036 | data 0.1 ms | step 40.1 ms | 12759.5 samples/s
  step  1250/1756 | loss 0.0033 | data 0.1 ms | step 40.1 ms | 12758.8 samples/s
  step  1300/1756 | loss 0.0033 | data 0.1 ms | step 40.1 ms | 12753.7 samples/s
  step  1350/1756 | loss 0.0034 | data 0.1 ms | step 40.3 ms | 12692.4 samples/s
  step  1400/1756 | loss 0.0034 | data 0.1 ms | step 40.3 ms | 12697.2 samples/s
  step  1450/1756 | loss 0.0033 | data 0.1 ms | step 40.3 ms | 12690.2 samples/s
  step  1500/1756 | loss 0.0034 | data 0.1 ms | step 40.2 ms | 12722.7 samples/s
  step  1550/1756 | loss 0.0035 | data 0.1 ms | step 40.2 ms | 12749.7 samples/s
  step  1600/1756 | loss 0.0033 | data 0.1 ms | step 40.2 ms | 12734.3 samples/s
  step  1650/1756 | loss 0.0039 | data 0.1 ms | step 40.2 ms | 12738.6 samples/s
  step  1700/1756 | loss 0.0034 | data 0.1 ms | step 40.1 ms | 12754.1 samples/s
  step  1750/1756 | loss 0.0035 | data 0.6 ms | step 40.2 ms | 12751.7 samples/s
Training Loss: 0.003482 | data 0.1 ms | step 40.2 ms | 12742.5 samples/s
Peak GPU memory: 5178.0 MB
Validation Loss: 0.002229 | data 0.1 ms | step 10.9 ms | 47053.6 samples/s

Epoch 23/25
----------------------------------------
Learning Rate: 0.000081
Batch Size   : 512
  step    50/1756 | loss 0.0037 | data 0.7 ms | step 40.2 ms | 12739.8 samples/s
  step   100/1756 | loss 0.0034 | data 0.1 ms | step 40.2 ms | 12745.8 samples/s
  step   150/1756 | loss 0.0034 | data 0.1 ms | step 40.2 ms | 12742.9 samples/s
  step   200/1756 | loss 0.0036 | data 0.1 ms | step 40.2 ms | 12745.1 samples/s
  step   250/1756 | loss 0.0036 | data 0.1 ms | step 40.1 ms | 12754.7 samples/s
  step   300/1756 | loss 0.0035 | data 0.1 ms | step 40.2 ms | 12748.4 samples/s
  step   350/1756 | loss 0.0033 | data 0.1 ms | step 40.1 ms | 12754.7 samples/s
  step   400/1756 | loss 0.0034 | data 0.1 ms | step 40.1 ms | 12765.2 samples/s
  step   450/1756 | loss 0.0034 | data 0.1 ms | step 40.1 ms | 12761.2 samples/s
  step   500/1756 | loss 0.0033 | data 0.1 ms | step 40.1 ms | 12773.8 samples/s
  step   550/1756 | loss 0.0033 | data 0.1 ms | step 40.1 ms | 12778.4 samples/s
  step   600/1756 | loss 0.0033 | data 0.1 ms | step 40.1 ms | 12775.8 samples/s
  step   650/1756 | loss 0.0034 | data 0.1 ms | step 40.1 ms | 12777.2 samples/s
  step   700/1756 | loss 0.0031 | data 0.1 ms | step 40.1 ms | 12772.2 samples/s
  step   750/1756 | loss 0.0033 | data 0.1 ms | step 40.1 ms | 12773.5 samples/s
  step   800/1756 | loss 0.0033 | data 0.1 ms | step 40.1 ms | 12769.6 samples/s
  step   850/1756 | loss 0.0034 | data 0.1 ms | step 40.1 ms | 12777.5 samples/s
  step   900/1756 | loss 0.0036 | data 0.1 ms | step 40.1 ms | 12783.0 samples/s
  step   950/1756 | loss 0.0040 | data 0.1 ms | step 40.1 ms | 12780.5 samples/s
  step  1000/1756 | loss 0.0038 | data 0.1 ms | step 40.1 ms | 12772.7 samples/s
  step  1050/1756 | loss 0.0033 | data 0.1 ms | step 40.1 ms | 12762.6 samples/s
  step  1100/1756 | loss 0.0032 | data 0.1 ms | step 40.1 ms | 12766.7 samples/s
  step  1150/1756 | loss 0.0035 | data 0.1 ms | step 40.2 ms | 12729.5 samples/s
  step  1200/1756 | loss 0.0031 | data 0.1 ms | step 40.5 ms | 12656.6 samples/s
  step  1250/1756 | loss 0.0032 | data 0.1 ms | step 40.3 ms | 12690.1 samples/s
  step  1300/1756 | loss 0.0034 | data 0.1 ms | step 40.2 ms | 12726.7 samples/s
  step  1350/1756 | loss 0.0033 | data 0.1 ms | step 40.4 ms | 12679.1 samples/s
  step  1400/1756 | loss 0.0035 | data 0.1 ms | step 40.3 ms | 12719.0 samples/s
  step  1450/1756 | loss 0.0032 | data 0.1 ms | step 40.2 ms | 12729.5 samples/s
  step  1500/1756 | loss 0.0034 | data 0.1 ms | step 40.2 ms | 12747.2 samples/s
  step  1550/1756 | loss 0.0035 | data 0.1 ms | step 40.2 ms | 12746.5 samples/s
  step  1600/1756 | loss 0.0033 | data 0.1 ms | step 40.2 ms | 12741.9 samples/s
  step  1650/1756 | loss 0.0032 | data 0.1 ms | step 40.2 ms | 12744.9 samples/s
  step  1700/1756 | loss 0.0034 | data 0.1 ms | step 40.2 ms | 12745.1 samples/s
  step  1750/1756 | loss 0.0034 | data 0.6 ms | step 40.2 ms | 12744.0 samples/s
Training Loss: 0.003393 | data 0.1 ms | step 40.1 ms | 12746.0 samples/s
Peak GPU memory: 5178.0 MB
Validation Loss: 0.001834 | data 0.1 ms | step 10.9 ms | 47046.2 samples/s

Epoch 24/25
----------------------------------------
Learning Rate: 0.000081
Batch Size   : 512
  step    50/1756 | loss 0.0033 | data 0.6 ms | step 40.2 ms | 12738.6 samples/s
  step   100/1756 | loss 0.0035 | data 0.1 ms | step 40.2 ms | 12750.7 samples/s
  step   150/1756 | loss 0.0033 | data 0.1 ms | step 40.4 ms | 12684.6 samples/s
  step   200/1756 | loss 0.0032 | data 0.1 ms | step 40.1 ms | 12755.0 samples/s
  step   250/1756 | loss 0.0034 | data 0.1 ms | step 40.0 ms | 12785.3 samples/s
  step   300/1756 | loss 0.0032 | data 0.1 ms | step 40.0 ms | 12789.2 samples/s
  step   350/1756 | loss 0.0034 | data 0.1 ms | step 40.0 ms | 12787.7 samples/s
  step   400/1756 | loss 0.0032 | data 0.1 ms | step 40.1 ms | 12780.4 samples/s
  step   450/1756 | loss 0.0033 | data 0.1 ms | step 40.0 ms | 12789.0 samples/s
  step   500/1756 | loss 0.0035 | data 0.1 ms | step 40.0 ms | 12784.3 samples/s
  step   550/1756 | loss 0.0034 | data 0.1 ms | step 40.0 ms | 12789.7 samples/s
  step   600/1756 | loss 0.0033 | data 0.1 ms | step 40.0 ms | 12786.0 samples/s
  step   650/1756 | loss 0.0033 | data 0.1 ms | step 40.0 ms | 12784.8 samples/s
  step   700/1756 | loss 0.0036 | data 0.1 ms | step 40.1 ms | 12774.9 samples/s
  step   750/1756 | loss 0.0037 | data 0.1 ms | step 40.1 ms | 12754.2 samples/s
  step   800/1756 | loss 0.0032 | data 0.1 ms | step 40.3 ms | 12719.6 samples/s
  step   850/1756 | loss 0.0033 | data 0.2 ms | step 40.3 ms | 12689.1 samples/s
  step   900/1756 | loss 0.0035 | data 0.1 ms | step 40.3 ms | 12709.5 samples/s
  step   950/1756 | loss 0.0032 | data 0.1 ms | step 40.2 ms | 12724.2 samples/s
  step  1000/1756 | loss 0.0034 | data 0.1 ms | step 40.2 ms | 12737.7 samples/s
  step  1050/1756 | loss 0.0034 | data 0.1 ms | step 40.2 ms | 12742.3 samples/s
  step  1100/1756 | loss 0.0035 | data 0.1 ms | step 40.2 ms | 12727.1 samples/s
  step  1150/1756 | loss 0.0032 | data 0.1 ms | step 40.2 ms | 12745.9 samples/s
  step  1200/1756 | loss 0.0032 | data 0.1 ms | step 40.2 ms | 12731.8 samples/s
  step  1250/1756 | loss 0.0034 | data 0.1 ms | step 40.2 ms | 12741.4 samples/s
  step  1300/1756 | loss 0.0033 | data 0.1 ms | step 40.2 ms | 12742.8 samples/s
  step  1350/1756 | loss 0.0034 | data 0.1 ms | step 40.2 ms | 12747.4 samples/s
  step  1400/1756 | loss 0.0031 | data 0.1 ms | step 40.2 ms | 12745.0 samples/s
  step  1450/1756 | loss 0.0031 | data 0.1 ms | step 40.2 ms | 12745.5 samples/s
  step  1500/1756 | loss 0.0030 | data 0.1 ms | step 40.2 ms | 12745.5 samples/s
  step  1550/1756 | loss 0.0032 | data 0.1 ms | step 40.2 ms | 12744.1 samples/s
  step  1600/1756 | loss 0.0032 | data 0.1 ms | step 40.2 ms | 12746.7 samples/s
  step  1650/1756 | loss 0.0032 | data 0.1 ms | step 40.2 ms | 12749.1 samples/s
  step  1700/1756 | loss 0.0033 | data 0.1 ms | step 40.2 ms | 12749.4 samples/s
  step  1750/1756 | loss 0.0032 | data 0.7 ms | step 40.3 ms | 12692.9 samples/s
Training Loss: 0.003311 | data 0.1 ms | step 40.1 ms | 12745.6 samples/s
Peak GPU memory: 5178.0 MB
Validation Loss: 0.002006 | data 0.1 ms | step 10.9 ms | 47073.8 samples/s

Epoch 25/25
----------------------------------------
Learning Rate: 0.000081
Batch Size   : 512
  step    50/1756 | loss 0.0033 | data 0.8 ms | step 40.2 ms | 12738.0 samples/s
  step   100/1756 | loss 0.0034 | data 0.1 ms | step 40.1 ms | 12762.4 samples/s
  step   150/1756 | loss 0.0032 | data 0.1 ms | step 40.1 ms | 12760.6 samples/s
  step   200/1756 | loss 0.0031 | data 0.1 ms | step 40.1 ms | 12765.8 samples/s
  step   250/1756 | loss 0.0032 | data 0.1 ms | step 40.1 ms | 12763.4 samples/s
  step   300/1756 | loss 0.0048 | data 0.1 ms | step 40.1 ms | 12763.0 samples/s
  step   350/1756 | loss 0.0038 | data 0.1 ms | step 40.1 ms | 12766.8 samples/s
  step   400/1756 | loss 0.0033 | data 0.1 ms | step 40.1 ms | 12764.2 samples/s
  step   450/1756 | loss 0.0032 | data 0.1 ms | step 40.1 ms | 12766.2 samples/s
  step   500/1756 | loss 0.0033 | data 0.1 ms | step 40.1 ms | 12767.4 samples/s
  step   550/1756 | loss 0.0032 | data 0.1 ms | step 40.1 ms | 12766.2 samples/s
  step   600/1756 | loss 0.0036 | data 0.1 ms | step 40.2 ms | 12743.3 samples/s
  step   650/1756 | loss 0.0033 | data 0.1 ms | step 40.2 ms | 12741.1 samples/s
  step   700/1756 | loss 0.0031 | data 0.1 ms | step 40.1 ms | 12761.3 samples/s
  step   750/1756 | loss 0.0032 | data 0.1 ms | step 40.1 ms | 12762.5 samples/s
  step   800/1756 | loss 0.0035 | data 0.1 ms | step 40.2 ms | 12732.1 samples/s
  step   850/1756 | loss 0.0033 | data 0.1 ms | step 40.3 ms | 12710.7 samples/s
  step   900/1756 | loss 0.0033 | data 0.1 ms | step 40.2 ms | 12741.0 samples/s
  step   950/1756 | loss 0.0034 | data 0.1 ms | step 40.2 ms | 12738.5 samples/s
  step  1000/1756 | loss 0.0033 | data 0.1 ms | step 40.2 ms | 12732.4 samples/s
  step  1050/1756 | loss 0.0031 | data 0.1 ms | step 40.2 ms | 12731.5 samples/s
  step  1100/1756 | loss 0.0031 | data 0.1 ms | step 40.2 ms | 12735.8 samples/s
  step  1150/1756 | loss 0.0034 | data 0.1 ms | step 40.2 ms | 12741.9 samples/s
  step  1200/1756 | loss 0.0037 | data 0.1 ms | step 40.2 ms | 12739.2 samples/s
  step  1250/1756 | loss 0.0032 | data 0.1 ms | step 40.2 ms | 12741.1 samples/s
  step  1300/1756 | loss 0.0033 | data 0.1 ms | step 40.2 ms | 12738.0 samples/s
  step  1350/1756 | loss 0.0030 | data 0.1 ms | step 40.2 ms | 12738.5 samples/s
  step  1400/1756 | loss 0.0032 | data 0.1 ms | step 40.2 ms | 12738.1 samples/s
  step  1450/1756 | loss 0.0032 | data 0.1 ms | step 40.2 ms | 12738.1 samples/s
  step  1500/1756 | loss 0.0033 | data 0.1 ms | step 40.2 ms | 12743.9 samples/s
  step  1550/1756 | loss 0.0033 | data 0.1 ms | step 40.2 ms | 12745.4 samples/s
  step  1600/1756 | loss 0.0031 | data 0.1 ms | step 40.2 ms | 12747.0 samples/s
  step  1650/1756 | loss 0.0031 | data 0.1 ms | step 40.3 ms | 12698.3 samples/s
  step  1700/1756 | loss 0.0033 | data 0.1 ms | step 40.3 ms | 12696.7 samples/s
  step  1750/1756 | loss 0.0031 | data 0.6 ms | step 40.2 ms | 12739.5 samples/s
Training Loss: 0.003317 | data 0.1 ms | step 40.2 ms | 12741.4 samples/s
Peak GPU memory: 5178.0 MB
Validation Loss: 0.001733 | data 0.1 ms | step 10.9 ms | 47126.9 samples/s

Test Loss: 0.001378 | data 217.3 ms | step 27.7 ms | 36.0 samples/s

Final model saved to: lwm1_1_ca/model1_1_weights_ca_e2e.pth
